CLIENT_HANDSHAKE_TRAFFIC_SECRET 87c488e901047e59188137325e229398d20ada312f5cc0bc30679129e3cb2677 ec9e0b54384a30fa9cebc0029ae5cb66971e8cb242f52d336ccc0379907fd18e
SERVER_HANDSHAKE_TRAFFIC_SECRET 87c488e901047e59188137325e229398d20ada312f5cc0bc30679129e3cb2677 b0ad659276e2a9a5aaab8f01b84c53d060cccf4d739b4cd47f100939fee73459
CLIENT_HANDSHAKE_TRAFFIC_SECRET 19df8ebab2c87f7db6f9c83406c774693c3da6bf785505a3b622a9a7495bee95 7073833f561806478b62516a6aa6a7eb00571076ea4e4d63b08dadd541769fea
SERVER_HANDSHAKE_TRAFFIC_SECRET 19df8ebab2c87f7db6f9c83406c774693c3da6bf785505a3b622a9a7495bee95 aa081ae3a4bc39f002560f3c39d3aa6a9575f10617b82899ff3720897efada47
CLIENT_HANDSHAKE_TRAFFIC_SECRET 6afe664152df83145deafa561ba2bdabbe72d54c1f653c78fc4fb81a2c31a136 d591a5add783a7a7212515ba66b3dafab5b3706bf9de5f3704d8e34d878c03da
SERVER_HANDSHAKE_TRAFFIC_SECRET 6afe664152df83145deafa561ba2bdabbe72d54c1f653c78fc4fb81a2c31a136 dcd7c3544ba8b83c53d02e005474e49e5e37366eaff229387ac845efda3615b0
CLIENT_TRAFFIC_SECRET_0 6afe664152df83145deafa561ba2bdabbe72d54c1f653c78fc4fb81a2c31a136 df10d746aa9168b48dd793b643a1cf595a5f4de192567d26e7b134de1b9044d9
SERVER_TRAFFIC_SECRET_0 6afe664152df83145deafa561ba2bdabbe72d54c1f653c78fc4fb81a2c31a136 13ca2d23399f3b00f2b2a8b22c87e72b2bc8a8276b2fff0b2fc634c91aeaa4c7
EXPORTER_SECRET 6afe664152df83145deafa561ba2bdabbe72d54c1f653c78fc4fb81a2c31a136 54b0c1f7b6759e2ace9b43ed3a48ab8ceef420e7a0a86c85200deecd36ee2c15
CLIENT_HANDSHAKE_TRAFFIC_SECRET c276e7faad0e2f71cc2f606e1a3ccf70ab9fa8e0652f09e0fe7d08f9b885991b 8d587f35cf297229ed7bfeff7fb2f497a5d0b5a09f2e84ff364703ffbd6f6919
SERVER_HANDSHAKE_TRAFFIC_SECRET c276e7faad0e2f71cc2f606e1a3ccf70ab9fa8e0652f09e0fe7d08f9b885991b d1414c6abb38cc4402400bcf2ec8de3b2a0f6373b5185da7bef0cade3c6555e8
CLIENT_TRAFFIC_SECRET_0 c276e7faad0e2f71cc2f606e1a3ccf70ab9fa8e0652f09e0fe7d08f9b885991b 783db1dd153f6150ee06c9420a447fff8b09a564acac6bdc74df46ab47c65c83
SERVER_TRAFFIC_SECRET_0 c276e7faad0e2f71cc2f606e1a3ccf70ab9fa8e0652f09e0fe7d08f9b885991b 0250a5610b2a7c6f68d076d2836f5d59eec0500a3f5e34927a3fe3e12d9f010c
EXPORTER_SECRET c276e7faad0e2f71cc2f606e1a3ccf70ab9fa8e0652f09e0fe7d08f9b885991b d37165934ff48c5861ba811fc8274dd177277f7120237cf2615367bd3fa9f6dd
CLIENT_HANDSHAKE_TRAFFIC_SECRET 9ccb33e41499edc3706ddabde2e37735b7fae99272453dda0f37cd68613d5002 12aca113fc00cc89077dec426cf6cd15b3c38c2716aac4c208697417ab6ab845
SERVER_HANDSHAKE_TRAFFIC_SECRET 9ccb33e41499edc3706ddabde2e37735b7fae99272453dda0f37cd68613d5002 0a434cd14b94a9f087f4137f0d7ffb6cd15a9b6e91bb8657589cca4f085d993e
CLIENT_TRAFFIC_SECRET_0 9ccb33e41499edc3706ddabde2e37735b7fae99272453dda0f37cd68613d5002 50ba50f134fc331cfb71ac747f058dc93ac0e6201d2b0eca237cdbc708a31416
SERVER_TRAFFIC_SECRET_0 9ccb33e41499edc3706ddabde2e37735b7fae99272453dda0f37cd68613d5002 8b1ef8018b09ba3ff0f94aa0705613c5ea38a9d69be59f931635baaeea444a36
EXPORTER_SECRET 9ccb33e41499edc3706ddabde2e37735b7fae99272453dda0f37cd68613d5002 11129ac03d98de08ab4776128e5db33810b639ba3c48ea0cc111ff900023284c
CLIENT_HANDSHAKE_TRAFFIC_SECRET cfe3994eb4928424266be45bae301a620b574d1eb45a731accb7b69ef707a99c 59b807de837bfbd7b2eb5697f910eec7ea4b1cd2fc4e634cccd9dc7f3df16601
SERVER_HANDSHAKE_TRAFFIC_SECRET cfe3994eb4928424266be45bae301a620b574d1eb45a731accb7b69ef707a99c 2d915f1228a3b91de0eaa86b85bfe9a1754701b484d409ab4877bcc4db5a88b6
CLIENT_TRAFFIC_SECRET_0 cfe3994eb4928424266be45bae301a620b574d1eb45a731accb7b69ef707a99c aa41337a4159a6c334d35a6a3dd102fc5955969abd118bd0afe5ccd470e887c0
SERVER_TRAFFIC_SECRET_0 cfe3994eb4928424266be45bae301a620b574d1eb45a731accb7b69ef707a99c 37f53a605d22d7d0809d47b33889a86c3433e43185dbf18bda0ef601b9b1e06a
EXPORTER_SECRET cfe3994eb4928424266be45bae301a620b574d1eb45a731accb7b69ef707a99c 9061ad2a662bd3f2d6bda9a0b09a6f9ab6700e25f7210e7b55f262bcf276ec61
CLIENT_HANDSHAKE_TRAFFIC_SECRET 5140a61e4b3c33c46ff73963d71f0eb9d0cf85e103bafcd63cb3d0092afd97a2 28029d3c7dbd1230382915ee28e7517c563b6a3aa969ad8c5c470955f278b59b
SERVER_HANDSHAKE_TRAFFIC_SECRET 5140a61e4b3c33c46ff73963d71f0eb9d0cf85e103bafcd63cb3d0092afd97a2 cecb057c79cb59d4911afe62ed287c327cdf8aaa24126ef2365b704b23445e8d
CLIENT_TRAFFIC_SECRET_0 5140a61e4b3c33c46ff73963d71f0eb9d0cf85e103bafcd63cb3d0092afd97a2 e3ed35c20e9cef1c76e354c18e3729f89936139eb78a4a8a1ddba420aa15ff8c
SERVER_TRAFFIC_SECRET_0 5140a61e4b3c33c46ff73963d71f0eb9d0cf85e103bafcd63cb3d0092afd97a2 bb45b6be50682b01dd6a973c8c72be1fdfe52f45548d2ca726141a46fdb4aef5
EXPORTER_SECRET 5140a61e4b3c33c46ff73963d71f0eb9d0cf85e103bafcd63cb3d0092afd97a2 f2665a378cc709068417c30d2cb86d44783995ae10c088d8761946fba197d815
CLIENT_HANDSHAKE_TRAFFIC_SECRET 2a7c10e663772720aff41e24c6b873609c265126cc99ab1c64d4d217ae8f6894 a686f4f977f75096c7d32a5f4635f3b49c8746d871feee748115961821d69316
SERVER_HANDSHAKE_TRAFFIC_SECRET 2a7c10e663772720aff41e24c6b873609c265126cc99ab1c64d4d217ae8f6894 855a71fc895e3d5eb7780725a7ae1f9e22cb64ed25c1b3f0925bfc5c0ea0cc91
CLIENT_TRAFFIC_SECRET_0 2a7c10e663772720aff41e24c6b873609c265126cc99ab1c64d4d217ae8f6894 3b0bbd6a5b841c4c0dba24801e29d48b62e3beb324a2a4bed3654957c1a5522c
SERVER_TRAFFIC_SECRET_0 2a7c10e663772720aff41e24c6b873609c265126cc99ab1c64d4d217ae8f6894 b42a5868c10ad4903f31833faf6048ce9646ed4f373c625e9b6eac1590b8b70e
EXPORTER_SECRET 2a7c10e663772720aff41e24c6b873609c265126cc99ab1c64d4d217ae8f6894 8dfda352a793d77d7ac4d2581cb717fbe92a66f90205363837b60d6164c0bc39
CLIENT_HANDSHAKE_TRAFFIC_SECRET f16f2a8f96b033eb9ec7677e7b3bb92655da39b09094cb1083bf8c8716b2f4c1 2f57e7ff2d5a1fe6686247974638b14be5f26cc85615247d0818b1e173f12287
SERVER_HANDSHAKE_TRAFFIC_SECRET f16f2a8f96b033eb9ec7677e7b3bb92655da39b09094cb1083bf8c8716b2f4c1 b3ede1521bcfbe66c14b535494c55be37f4c3e51e895cd4c368150893d1efc83
CLIENT_TRAFFIC_SECRET_0 f16f2a8f96b033eb9ec7677e7b3bb92655da39b09094cb1083bf8c8716b2f4c1 0eb597e7cc527fbda7b30bed0511a27069c2cc6bfb2b92eec125f79d9859bf6e
SERVER_TRAFFIC_SECRET_0 f16f2a8f96b033eb9ec7677e7b3bb92655da39b09094cb1083bf8c8716b2f4c1 66933e91c488e4c9b250db7b89fb955ceec462c56216d0624a46509ffd27be04
EXPORTER_SECRET f16f2a8f96b033eb9ec7677e7b3bb92655da39b09094cb1083bf8c8716b2f4c1 54b664bcf0a1b1034a0803dfac2de3ac867e8f2f192deb3467eb19da06b75c4c
CLIENT_HANDSHAKE_TRAFFIC_SECRET 58ad0c69c2e764bfd50ab5daa26d36f7d7c498e6307e5c117ccf4dafbab2d2ff ad9b2ee542a5333b5084cde4357bac732351afb003db3e95ef3d5ba09606c4d5
SERVER_HANDSHAKE_TRAFFIC_SECRET 58ad0c69c2e764bfd50ab5daa26d36f7d7c498e6307e5c117ccf4dafbab2d2ff bf1a3a83781c81059c0203677af88ff0af0f33a39c2f6b50e4961d0ab305195a
CLIENT_TRAFFIC_SECRET_0 58ad0c69c2e764bfd50ab5daa26d36f7d7c498e6307e5c117ccf4dafbab2d2ff fe48450c55c5a523890de38909127a1f0f62c7c6717c13d2dc873d0d49f8c8c0
SERVER_TRAFFIC_SECRET_0 58ad0c69c2e764bfd50ab5daa26d36f7d7c498e6307e5c117ccf4dafbab2d2ff 6378b43341830d85444cd334f3294d7c7c29a418f2f6748fe14139f5bd6596c3
EXPORTER_SECRET 58ad0c69c2e764bfd50ab5daa26d36f7d7c498e6307e5c117ccf4dafbab2d2ff aa883a3d47c1e7b9a4e9881c5715945fd105c7a1376b2f0f999c4efb09e16659
CLIENT_HANDSHAKE_TRAFFIC_SECRET b4868bc5d889e47bb57cc9d9bec05f59f68a70cc6bbe1ea892bf5f5b14ce1bc6 1f99b8391e818bf930bd1aada26a0878a2c7eb491cf6f2878d9baf6b5a3debe4
SERVER_HANDSHAKE_TRAFFIC_SECRET b4868bc5d889e47bb57cc9d9bec05f59f68a70cc6bbe1ea892bf5f5b14ce1bc6 a0d9cdc646e9aa395a091f32dc329389ca0d95017435a89d41dc57b21664d2fb
CLIENT_TRAFFIC_SECRET_0 b4868bc5d889e47bb57cc9d9bec05f59f68a70cc6bbe1ea892bf5f5b14ce1bc6 5a381cf37e02beef9a6c6ccaa17f2be9970624c38601dbb90c6add4da68bd385
SERVER_TRAFFIC_SECRET_0 b4868bc5d889e47bb57cc9d9bec05f59f68a70cc6bbe1ea892bf5f5b14ce1bc6 dd4e506176fcba1be1738e5b66cd91297a0adb0dbdcd621eb8c5b504efc84d49
EXPORTER_SECRET b4868bc5d889e47bb57cc9d9bec05f59f68a70cc6bbe1ea892bf5f5b14ce1bc6 139ead52a4cdf598ac75aedb87a0f5261acbc7baab430c05af3f3e2d3da90f62
CLIENT_HANDSHAKE_TRAFFIC_SECRET 7b8f64785c22fe9254b526199c657efb3d536dbe7d1d22aed642c8d72d8c0ff9 1b079b471c4f806e9cff0cf56b55925049dde85e925d05a367c5f668e3f44afa
SERVER_HANDSHAKE_TRAFFIC_SECRET 7b8f64785c22fe9254b526199c657efb3d536dbe7d1d22aed642c8d72d8c0ff9 4d01f9fa2546ca73ae0e2d99e0c8598f04d6310edf5e67488e15cb1fdaee3c30
CLIENT_TRAFFIC_SECRET_0 7b8f64785c22fe9254b526199c657efb3d536dbe7d1d22aed642c8d72d8c0ff9 b1b9747baae6d4df99295d2b87a1f384e81bb834be748acdb884399c4908317f
SERVER_TRAFFIC_SECRET_0 7b8f64785c22fe9254b526199c657efb3d536dbe7d1d22aed642c8d72d8c0ff9 dc068d2a25c02a7777e02a2fda3639539cd41bed46e312f71b9d0024716dbe1c
EXPORTER_SECRET 7b8f64785c22fe9254b526199c657efb3d536dbe7d1d22aed642c8d72d8c0ff9 580d3cd4a98e4d1d6e24757bcde0f19d12dc27018f868e5b0602daf48d453309
CLIENT_HANDSHAKE_TRAFFIC_SECRET 6390edc90b0c61815c423b7096a888a9b21b65e57d6398e4a0d1b8e40c41a4e5 0b3e0ebce8e338710c32488fade168b2cc6827269f98c5b976b61363a14afc0f
SERVER_HANDSHAKE_TRAFFIC_SECRET 6390edc90b0c61815c423b7096a888a9b21b65e57d6398e4a0d1b8e40c41a4e5 b96547fdb76a93b49177f84b15cc907f25757160c0039a7590edcca6e60a88fe
CLIENT_TRAFFIC_SECRET_0 6390edc90b0c61815c423b7096a888a9b21b65e57d6398e4a0d1b8e40c41a4e5 629ed4d7e3c672a9617437609b371c567146c30f641aad62a09dc09d26d8a5f0
SERVER_TRAFFIC_SECRET_0 6390edc90b0c61815c423b7096a888a9b21b65e57d6398e4a0d1b8e40c41a4e5 40439c2c334edc4139cec1e0a38158e6cf3253344c83e17f44a81cbc21f07c59
EXPORTER_SECRET 6390edc90b0c61815c423b7096a888a9b21b65e57d6398e4a0d1b8e40c41a4e5 eef562716de249516b171cff59378acd2cc4f5ec4719023fbc2e4c43b49f367b
CLIENT_HANDSHAKE_TRAFFIC_SECRET 47d3278b064a0945b0eaeecba158252f4c727f66634418d4f0b673baf53e4873 1e933aa38093e122a1fe2aeefee15930ccc71953537301f1fe25e0f239b3a3573033c363fcdcfccdc0dec7eb82e0fe1a
SERVER_HANDSHAKE_TRAFFIC_SECRET 47d3278b064a0945b0eaeecba158252f4c727f66634418d4f0b673baf53e4873 b440eef5dffb8bf60b47cd156a5213e5a4a4e2dcf5e97fa406ab8f8d81a94174c8cba3e65e8ea4ea337676015837697c
CLIENT_HANDSHAKE_TRAFFIC_SECRET 91cd6fd685e2d655f51bbc3b940e5d86b4353c0fcb3ea57cfe67b41ffeacc38e 41f7b1bb7aced716c92b20156aef79ebea80f8a7b353d3734243a5483e8ce4bd974a8e75b8a699433b6621b781ca868b
SERVER_HANDSHAKE_TRAFFIC_SECRET 91cd6fd685e2d655f51bbc3b940e5d86b4353c0fcb3ea57cfe67b41ffeacc38e f39c25d958d7e67fb9744eeb6639ea66aafa3d428096e229cf1d7b7ffd5196778d4f02da7d41c401f4bb206fd9bcaeeb
CLIENT_TRAFFIC_SECRET_0 47d3278b064a0945b0eaeecba158252f4c727f66634418d4f0b673baf53e4873 b6d9d3dad0ddfdf4ca6339fa651b86c7a11a33f342fb186cbfddb44838a5fb1cbd60f08b5aa3abcd5d9abbf2051c5396
SERVER_TRAFFIC_SECRET_0 47d3278b064a0945b0eaeecba158252f4c727f66634418d4f0b673baf53e4873 2827026afd1f46abf8ea2dd731ad6d60f5bab7b920cb359d78f0de3ec009b7d394ffe18bd98632677b943326a2f2d817
EXPORTER_SECRET 47d3278b064a0945b0eaeecba158252f4c727f66634418d4f0b673baf53e4873 ddfb0707742458f44de289cfa9f2172c93128b42e8e40cc953e3865d4b400c175938650f821ac5b27b28df6c2e014245
CLIENT_HANDSHAKE_TRAFFIC_SECRET 072b38384d404a9eaab8010cc109aedb0842cbde60d3d0f45d7669096a978286 0ba9bc768a3af8808507d792533b2acc6db056d392077bd154df508d29cac07e
SERVER_HANDSHAKE_TRAFFIC_SECRET 072b38384d404a9eaab8010cc109aedb0842cbde60d3d0f45d7669096a978286 54e9533eb19a4fa40882e8bd652a2e3404552cfc1bd00e6483d7c681829158cb
CLIENT_TRAFFIC_SECRET_0 072b38384d404a9eaab8010cc109aedb0842cbde60d3d0f45d7669096a978286 2a3ec7734e8b0ee9aa0237e2a0f08ca145c7eadaa052b5635bc54a03aff22dc8
SERVER_TRAFFIC_SECRET_0 072b38384d404a9eaab8010cc109aedb0842cbde60d3d0f45d7669096a978286 8e5734f457922b8cbb09569210fa70f9e11ca5a15fa4afdf65a02182dbd3c0df
EXPORTER_SECRET 072b38384d404a9eaab8010cc109aedb0842cbde60d3d0f45d7669096a978286 0d88930be6313f0c7f3c0569272d76115b014731a56fe58e606e62443f091abe
CLIENT_HANDSHAKE_TRAFFIC_SECRET b868a5549d407a18c4a1e959459299bed328859d18d1c10950c87ae5697072c0 5a5babb4a3235816aacbb9e3c15080cfeeb20917481c120e6800e99acc7d75ae
SERVER_HANDSHAKE_TRAFFIC_SECRET b868a5549d407a18c4a1e959459299bed328859d18d1c10950c87ae5697072c0 cd7bf14b108cf28a0ccb6828c87c912a3ef2fa31c2d7c5055ff67fe4afa72a8f
CLIENT_HANDSHAKE_TRAFFIC_SECRET 927ff210d00125d56d92a183cbb4e162d02620ec64ad0fe270ccb645b9950dc5 e1b0ff24ebd14c36cad72a247c5211d523fe3a59d3f342d25cbb3fa527460938
SERVER_HANDSHAKE_TRAFFIC_SECRET 927ff210d00125d56d92a183cbb4e162d02620ec64ad0fe270ccb645b9950dc5 aa193687b4db58282da53d1b4c17bb4bc89b10ceb059e85e67b7e6b746fa655f
CLIENT_TRAFFIC_SECRET_0 927ff210d00125d56d92a183cbb4e162d02620ec64ad0fe270ccb645b9950dc5 77b6a2fb6570f589cccba31dc08e4720cdc1abd7c8e157997a7fca91a2525b65
SERVER_TRAFFIC_SECRET_0 927ff210d00125d56d92a183cbb4e162d02620ec64ad0fe270ccb645b9950dc5 60682955b125b3d85745308b206920b9cf1ad277b623804298b378a0175945cf
EXPORTER_SECRET 927ff210d00125d56d92a183cbb4e162d02620ec64ad0fe270ccb645b9950dc5 9a3058c4b434abe6c030ae6f6e55b2e1eab449e9e9db48fad42d9cb154f7d184
CLIENT_TRAFFIC_SECRET_0 b868a5549d407a18c4a1e959459299bed328859d18d1c10950c87ae5697072c0 4acbe69b95591c73e86d3138e5ca24d53e0199225a0a205aaa62aa5fc68616c4
SERVER_TRAFFIC_SECRET_0 b868a5549d407a18c4a1e959459299bed328859d18d1c10950c87ae5697072c0 3dc68e9fca76584f5528d52fa89b282bebbac7dd173b9abf7b0e3eb88a72241a
EXPORTER_SECRET b868a5549d407a18c4a1e959459299bed328859d18d1c10950c87ae5697072c0 9c083e639193863b8020f506d8acff5ac6dcae3379e48892ad90d7e2c3ce38cb
CLIENT_HANDSHAKE_TRAFFIC_SECRET 73ba86545345fc31a3496dbec379cc45bff6cdd7a024f6d41116634d7650ed43 3ba55bd82810e7e492e6dac87c01f6e1b27d0d5878678efa015cdbe30469b9e8
SERVER_HANDSHAKE_TRAFFIC_SECRET 73ba86545345fc31a3496dbec379cc45bff6cdd7a024f6d41116634d7650ed43 91b9e59261d65980faba8e8a418252adb1ad557b6706fb8d9082682b753b5ec5
CLIENT_TRAFFIC_SECRET_0 73ba86545345fc31a3496dbec379cc45bff6cdd7a024f6d41116634d7650ed43 7c6dd4c6f838e20fe95a1e87e789aba0180070acb5d12ce726f8430f317b5a5b
SERVER_TRAFFIC_SECRET_0 73ba86545345fc31a3496dbec379cc45bff6cdd7a024f6d41116634d7650ed43 6cd54aa3aebe2ed4348a9c700c8c8f245e85b096e342eb170702592c02cf0ef9
EXPORTER_SECRET 73ba86545345fc31a3496dbec379cc45bff6cdd7a024f6d41116634d7650ed43 9a9c8d8db388b3d448356c7428e4b33660c7f58bdb88fb672921c910c502a280
CLIENT_RANDOM 8b59c4e09cf2e64143df7d483901b8cce099d6beb64d4d0a689e24147a83dde7 6d0cbed17aef9f19bc8738249b80730b03308c835d3e857e6c4581acd4aaa3a14b84372eb4f4dc56e7a64ae86abbe5d3
CLIENT_HANDSHAKE_TRAFFIC_SECRET 7c0eb587c87cc34a9c6132ebcc483ba34a9213388e90b3b15093f743928042b6 576724d2032945a3fa8d0ce0d296d92da8dfd6bfa07668b17f95bcdfbf0138f1
SERVER_HANDSHAKE_TRAFFIC_SECRET 7c0eb587c87cc34a9c6132ebcc483ba34a9213388e90b3b15093f743928042b6 4b29e99eee2bf0030c9b500e9d1191d1853dfedcd14aefb3df8c021ebc538142
CLIENT_HANDSHAKE_TRAFFIC_SECRET d515a6b1fe7d0dc9c0cfe64e969b1971fe29cf49a3654d6463c7a38ee9e1b9eb 235d61686a572703b8debdb3cdc364cb115e8a2706da915f2af77edcb36233b6
SERVER_HANDSHAKE_TRAFFIC_SECRET d515a6b1fe7d0dc9c0cfe64e969b1971fe29cf49a3654d6463c7a38ee9e1b9eb 249039e29964df17304e50a71569f59030918f3f13dde2df62f73d311ec1e21a
CLIENT_TRAFFIC_SECRET_0 7c0eb587c87cc34a9c6132ebcc483ba34a9213388e90b3b15093f743928042b6 18811a6e42b9989aabc0aad208c7c2c6db156f3fe4b4ef27e0989dabb59caf97
SERVER_TRAFFIC_SECRET_0 7c0eb587c87cc34a9c6132ebcc483ba34a9213388e90b3b15093f743928042b6 9f55af7178a7c70de531f8adca840958f510cd2f2526018915ce46ea8305d1a5
EXPORTER_SECRET 7c0eb587c87cc34a9c6132ebcc483ba34a9213388e90b3b15093f743928042b6 b202afad2cbed4ac786f298974b43c320edbc161938aaa0369a20bcc10d33675
CLIENT_TRAFFIC_SECRET_0 d515a6b1fe7d0dc9c0cfe64e969b1971fe29cf49a3654d6463c7a38ee9e1b9eb 906339e475cac0895a9cc1e77d87d480453fee473a2ecfd3345905ed80d73713
SERVER_TRAFFIC_SECRET_0 d515a6b1fe7d0dc9c0cfe64e969b1971fe29cf49a3654d6463c7a38ee9e1b9eb 4bb3fe57eb92c7639695867effb566578ac6cc098dde17dff4984247618ce595
EXPORTER_SECRET d515a6b1fe7d0dc9c0cfe64e969b1971fe29cf49a3654d6463c7a38ee9e1b9eb 05cdf3856c510ce7fa47e289b2ca3f3981fc79318f9ad0db0ba39d309ecb8e14
CLIENT_HANDSHAKE_TRAFFIC_SECRET 0a31cea23b837f618d2328fb5ff5825ff50161c5e7292d9ada34e72dcda20dbf f388da981d7c422acfb9edf11ec2c63d896217b5c415b3b95695ae9dc2e14907
SERVER_HANDSHAKE_TRAFFIC_SECRET 0a31cea23b837f618d2328fb5ff5825ff50161c5e7292d9ada34e72dcda20dbf 9d1db0074ff416853daf694b43520832ba13c260765e80f5208042b8487a08b1
CLIENT_TRAFFIC_SECRET_0 0a31cea23b837f618d2328fb5ff5825ff50161c5e7292d9ada34e72dcda20dbf d94dcbd164795c0940f3b2e96e6f13b625a6720b19f4d88d8263c1b593dcf9fa
SERVER_TRAFFIC_SECRET_0 0a31cea23b837f618d2328fb5ff5825ff50161c5e7292d9ada34e72dcda20dbf 2fed351483021912ef9210869217d4a1f5deef252c75f77ed21ad0eb1115ef8c
EXPORTER_SECRET 0a31cea23b837f618d2328fb5ff5825ff50161c5e7292d9ada34e72dcda20dbf f8ca5593a01e6127b8a945ea68fa3d94d0831181c192e6abab27594c3dcbc9b7
CLIENT_HANDSHAKE_TRAFFIC_SECRET 0bdcd1c9265c1c474dc2694cf8b7bcecac9ecf2b5d360305cb677385a3701edb 89731320c17d1485f4500460eb7ddf0243eff1b15a66a177e9f4d045759c204e
SERVER_HANDSHAKE_TRAFFIC_SECRET 0bdcd1c9265c1c474dc2694cf8b7bcecac9ecf2b5d360305cb677385a3701edb 67957590ad36d0e00101ad57e1bb0a52c209ccd759ec787fecec6cb8a2ac5760
CLIENT_TRAFFIC_SECRET_0 0bdcd1c9265c1c474dc2694cf8b7bcecac9ecf2b5d360305cb677385a3701edb 97709a871fb552df1f42d9cd30fc1dba34f28298d32de02746257283fc72363f
SERVER_TRAFFIC_SECRET_0 0bdcd1c9265c1c474dc2694cf8b7bcecac9ecf2b5d360305cb677385a3701edb bfe96c981ded3f5a7f7af83be46d7e63a94a4b69b9af68e6675f8a7eba8dc926
EXPORTER_SECRET 0bdcd1c9265c1c474dc2694cf8b7bcecac9ecf2b5d360305cb677385a3701edb 4cabee9d78c8e652fd474c8df50227b219b4a8730b7dcf503d7c9aea75eedc7b
CLIENT_HANDSHAKE_TRAFFIC_SECRET 541e42c04ead4ded499b20272b92d26cbeffd192e86623ee3c70e1e17fcaa19a 7293b63d9c38b0e27f5446091de3facde4498b7f518c41a3b7e47415c266e130
SERVER_HANDSHAKE_TRAFFIC_SECRET 541e42c04ead4ded499b20272b92d26cbeffd192e86623ee3c70e1e17fcaa19a 90fc446ef2d9c15f1649f42b6eb80064b039239242b36c6e4483d420846bc97d
CLIENT_TRAFFIC_SECRET_0 541e42c04ead4ded499b20272b92d26cbeffd192e86623ee3c70e1e17fcaa19a dadb4a79d59d995999400f1596ff9976ca58442311a1a996224af2f6f4fdd170
SERVER_TRAFFIC_SECRET_0 541e42c04ead4ded499b20272b92d26cbeffd192e86623ee3c70e1e17fcaa19a beaebef9fc4483eeab48237992fa4a97232063a9f53c110c4af213a31523794d
EXPORTER_SECRET 541e42c04ead4ded499b20272b92d26cbeffd192e86623ee3c70e1e17fcaa19a a79a580f3474db30645e0dfb291ee01a5330e0611876ce7f90d5ae9b22d2a3d3
CLIENT_HANDSHAKE_TRAFFIC_SECRET d5ac9c65b9028e2d150688210a50a71f73c954c30933d60b91c1345c8a36a75a efa00de007d7a8541aa343dbaa7158c94381f2819ef51291c0241a0589a51a83
SERVER_HANDSHAKE_TRAFFIC_SECRET d5ac9c65b9028e2d150688210a50a71f73c954c30933d60b91c1345c8a36a75a 1302ee9560ecdd59270633b9cef72cd0bb962ba3eeb5d932980f8c9a3c4fb267
CLIENT_TRAFFIC_SECRET_0 d5ac9c65b9028e2d150688210a50a71f73c954c30933d60b91c1345c8a36a75a 501c264402ddc5f573e7511542d07a1f2c73dbd72773a7f3c109a2bf2b3c0c23
SERVER_TRAFFIC_SECRET_0 d5ac9c65b9028e2d150688210a50a71f73c954c30933d60b91c1345c8a36a75a af201f54eb052b0661e1ffdb2251d3d9d3be1e0ff5e88ca3e4f3a92698ed909c
EXPORTER_SECRET d5ac9c65b9028e2d150688210a50a71f73c954c30933d60b91c1345c8a36a75a 9aae07ec78dd528d1e864a7f2e30732feb1c84bafdb7cd24475d0301ffdc8f17
CLIENT_HANDSHAKE_TRAFFIC_SECRET aaa7adbb6fdbeb76e709d869d1ad7add9eb0d7c278adb4d0851491e116119405 822330dd47e291daf7e98da53c4844186532c44a9e964dcc128839b0b26d790c705ad1b029fbe145d829199343b4de4d
SERVER_HANDSHAKE_TRAFFIC_SECRET aaa7adbb6fdbeb76e709d869d1ad7add9eb0d7c278adb4d0851491e116119405 3c9b3090e61cf1b65ee983982d5b5d212dc95a0a78bb5758806dbce0a0cc2e72bdda3d2d2d27218e0d3bef850157cf74
CLIENT_TRAFFIC_SECRET_0 aaa7adbb6fdbeb76e709d869d1ad7add9eb0d7c278adb4d0851491e116119405 25d429b1e249f783423737e38187b5cc18c173456c277376822360d24a4a7a5cc8c8589db03308770af9fcf991b498a0
SERVER_TRAFFIC_SECRET_0 aaa7adbb6fdbeb76e709d869d1ad7add9eb0d7c278adb4d0851491e116119405 74544a5a921f5415bd217c7021793c430188972a01ead227430e257590a1ae10978f37e37520a7a8386bedf61624af81
EXPORTER_SECRET aaa7adbb6fdbeb76e709d869d1ad7add9eb0d7c278adb4d0851491e116119405 188ff5d6cecb5c17b3e3eda1c73612e9756fdb21e1ff399cdff9640153657bdca39fc6b4bbb75989e45d2545429cafd9
CLIENT_HANDSHAKE_TRAFFIC_SECRET 37dcec1b2338f3f2d34fac3c06062687763a563e0d95159c1a69f5c3688ac5dd 28e74c155227b89532984e6c0e5e271773947728d6b3af3b20ab39a2d1c33a18
SERVER_HANDSHAKE_TRAFFIC_SECRET 37dcec1b2338f3f2d34fac3c06062687763a563e0d95159c1a69f5c3688ac5dd ad7c2abcdcbba479630537ef9a15fbc4abe008de172f27539dabbb999e86c2e3
CLIENT_TRAFFIC_SECRET_0 37dcec1b2338f3f2d34fac3c06062687763a563e0d95159c1a69f5c3688ac5dd cd00babe7c31c87e8ca66037b13f6abcd9ece0daa9622b972c4de61fe8d1591e
SERVER_TRAFFIC_SECRET_0 37dcec1b2338f3f2d34fac3c06062687763a563e0d95159c1a69f5c3688ac5dd 084adfa80e7efd11860e2900828ad8f8766bce0035ad1e48220c472cf830e588
EXPORTER_SECRET 37dcec1b2338f3f2d34fac3c06062687763a563e0d95159c1a69f5c3688ac5dd db8120ff0f24779b6a8d6ca4962477c54763c8a5936b636f45fb30318b904b35
CLIENT_RANDOM 68bc127d4a2d0ee9307a3ee1f454ab297e1b4e535bf81e625e51aa01a6d24669 268cb9e9c386d398a0f37923e6a93bc25e2bce1596265c5de89c59808df0decc37113085868538b69b7ea57e8f5b55bd
CLIENT_HANDSHAKE_TRAFFIC_SECRET d72aaae4c7cd55734e818c40c8f5d62d53f4598285d506340d79a7a6034d1091 591a274df938bf27d39262e7467ac5381103906cc0fbcd0e512a5cfffd2714f7
SERVER_HANDSHAKE_TRAFFIC_SECRET d72aaae4c7cd55734e818c40c8f5d62d53f4598285d506340d79a7a6034d1091 22c083293394f156e8f2f0438ee03ffb778b65488781721f57481c084304cd26
CLIENT_TRAFFIC_SECRET_0 d72aaae4c7cd55734e818c40c8f5d62d53f4598285d506340d79a7a6034d1091 9bf0966afc4c258f66d503c6f640537386977aa9e9e51cdfc91e2fe631093bbc
SERVER_TRAFFIC_SECRET_0 d72aaae4c7cd55734e818c40c8f5d62d53f4598285d506340d79a7a6034d1091 7259f9dbf183e4ca2a6a54013dae1ce5cea456405e6216942529447fbe966ab9
EXPORTER_SECRET d72aaae4c7cd55734e818c40c8f5d62d53f4598285d506340d79a7a6034d1091 4a0179385e6b5f49a7f40c235ff55dcbcec8fb4ce2db3e0df3fbae8c0befad39
CLIENT_HANDSHAKE_TRAFFIC_SECRET 27be9394c96e29b27d667944fc9113d83a6216ce371d3e4ce011e37354e2a78f 37bdedcdf4b4053ee7b42a01d3b27d385d1aee0f5f254eff3cd6708e1369605d
SERVER_HANDSHAKE_TRAFFIC_SECRET 27be9394c96e29b27d667944fc9113d83a6216ce371d3e4ce011e37354e2a78f d061431387e5e402f5d3178854fab5ee9ba5edccf87a60554f0026ab070f4edd
CLIENT_TRAFFIC_SECRET_0 27be9394c96e29b27d667944fc9113d83a6216ce371d3e4ce011e37354e2a78f 0108149445e122a92b0ae9a896a5e70aebcb3b95e561c30aaa020934e25ce18f
SERVER_TRAFFIC_SECRET_0 27be9394c96e29b27d667944fc9113d83a6216ce371d3e4ce011e37354e2a78f 0f62d20f0ebb18b74eef3dc2bbb89adbc7d6cc189a214608bb15ca00522d65bc
EXPORTER_SECRET 27be9394c96e29b27d667944fc9113d83a6216ce371d3e4ce011e37354e2a78f 0840e0c3ddc41a571800e3a82376d07aa59f3d5c117c34bd994cdfe874b8fe53
CLIENT_HANDSHAKE_TRAFFIC_SECRET fd697e5a6279d4640f1e1a863e5f4668359c0a88dd0cb03c1ddcaf48fce3ec0a c6207fc864935e3ea0a8cb7cc1eecf2581ac3e6075d81a9237839e5334766dfd
SERVER_HANDSHAKE_TRAFFIC_SECRET fd697e5a6279d4640f1e1a863e5f4668359c0a88dd0cb03c1ddcaf48fce3ec0a c0d3b5b132131c686d8040b8a4322b1bcbc32cf2432e88559d4e617ecbd8341e
CLIENT_TRAFFIC_SECRET_0 fd697e5a6279d4640f1e1a863e5f4668359c0a88dd0cb03c1ddcaf48fce3ec0a 693aaab2c4868d099db56048790f0a427858fe464ec3a0a1bf8d52f7b39f2a7d
SERVER_TRAFFIC_SECRET_0 fd697e5a6279d4640f1e1a863e5f4668359c0a88dd0cb03c1ddcaf48fce3ec0a 26429b76353fb28e835d81744d1c4cbb9da1c0e8efdd3f61a9100598b4cecef6
EXPORTER_SECRET fd697e5a6279d4640f1e1a863e5f4668359c0a88dd0cb03c1ddcaf48fce3ec0a bbb1e19aefe5cda5a8931ab627487aa81a99d792cebd0035d38e1e471bff1cb5
CLIENT_HANDSHAKE_TRAFFIC_SECRET d0c019e7d0c902bb41257acb9c3b875958fd7cbc6c204b6028fcf1639933422a 9e8caac010c438db6b91adb89f0cbe88478269579e2bcef43e98109205ea2ab9
SERVER_HANDSHAKE_TRAFFIC_SECRET d0c019e7d0c902bb41257acb9c3b875958fd7cbc6c204b6028fcf1639933422a 9b8a93d7f731450ad77ac81d1430834b6b9b1b4da3d76d16278edd3453aa6a98
CLIENT_TRAFFIC_SECRET_0 d0c019e7d0c902bb41257acb9c3b875958fd7cbc6c204b6028fcf1639933422a d6de24b622b845900f5ed61b93489d4549d5e6b95bfb5195e76159e007071136
SERVER_TRAFFIC_SECRET_0 d0c019e7d0c902bb41257acb9c3b875958fd7cbc6c204b6028fcf1639933422a b62c4ed7dfa147efbc3b0044276b1e71a63d10de6f7e72bc7d67fb45b5a4bcff
EXPORTER_SECRET d0c019e7d0c902bb41257acb9c3b875958fd7cbc6c204b6028fcf1639933422a 535f6ba4661870ce44d7b632410116b23333c19589052831c601dfc708fdd2ab
CLIENT_HANDSHAKE_TRAFFIC_SECRET 7599347d6a6089fc49551d99482c5f2c273a819aad39bb3f622de519027a6fb8 386d68af7b24ceade7ea7ea87de9a873cda383e899efcbf2f1b3d77d7029ec85
SERVER_HANDSHAKE_TRAFFIC_SECRET 7599347d6a6089fc49551d99482c5f2c273a819aad39bb3f622de519027a6fb8 34d871b3058ebd108a44fffb0cdc3bfdcaa5538810f2f67205d835655965399f
CLIENT_TRAFFIC_SECRET_0 7599347d6a6089fc49551d99482c5f2c273a819aad39bb3f622de519027a6fb8 574f40c55d7b3678efa9054076db2f8e7fff17525f588a2e5bf300e8e1c78b60
SERVER_TRAFFIC_SECRET_0 7599347d6a6089fc49551d99482c5f2c273a819aad39bb3f622de519027a6fb8 d2d41cb5276c4f5eace7faacd0543ab01ec0d75a6afbe86e66f55d32ef116d8c
EXPORTER_SECRET 7599347d6a6089fc49551d99482c5f2c273a819aad39bb3f622de519027a6fb8 0481f17c926c0622b26d3326c84deca22b9ebfe01d12674c42a903277ccfcf55
CLIENT_HANDSHAKE_TRAFFIC_SECRET ffeb81b65a1b1096f977e7b074c340c5ffcba46adee738d33727473c24241608 84d0b522165d4043b7c315ff202f32f33356d771a055055393d8f5bd06a9a72d
SERVER_HANDSHAKE_TRAFFIC_SECRET ffeb81b65a1b1096f977e7b074c340c5ffcba46adee738d33727473c24241608 489a6162d0376e11dccf4ad5cce5b7a2c36052db62566e9d848955118cf0408c
CLIENT_TRAFFIC_SECRET_0 ffeb81b65a1b1096f977e7b074c340c5ffcba46adee738d33727473c24241608 bee9651dfdc6b102102b46ac7c0ec9900d6bcd61f90c08d057826c5e4646324c
SERVER_TRAFFIC_SECRET_0 ffeb81b65a1b1096f977e7b074c340c5ffcba46adee738d33727473c24241608 041a87b95eeb73239fa25da5ddebf5d99d2aa730f3b1b66edb0d68d53cddbd18
EXPORTER_SECRET ffeb81b65a1b1096f977e7b074c340c5ffcba46adee738d33727473c24241608 3891c8c8477c268834a8d68daa60c471b568e480c3c49ca31509457cd2e16a97
CLIENT_HANDSHAKE_TRAFFIC_SECRET 7f0c776c0a50d2019bfc2382c867f17079e31d4b7e7667dd8e823ef14bb14f67 8dd094ff58fe03e59e47f6997daef190d3e993e8867fad97f674e21171e2add3
SERVER_HANDSHAKE_TRAFFIC_SECRET 7f0c776c0a50d2019bfc2382c867f17079e31d4b7e7667dd8e823ef14bb14f67 ef87daf945282e82fcefda038b0bbf524da9f0f9be4bb7d172e0faf3789ccab1
CLIENT_TRAFFIC_SECRET_0 7f0c776c0a50d2019bfc2382c867f17079e31d4b7e7667dd8e823ef14bb14f67 4caec2a2f780d66885a4141b7619e3097dcc905703ce58d22a70aeea594126f1
SERVER_TRAFFIC_SECRET_0 7f0c776c0a50d2019bfc2382c867f17079e31d4b7e7667dd8e823ef14bb14f67 5474e8fbe8abc17fd973f9936c70c9214f107330077ebb47378ea03a1f595023
EXPORTER_SECRET 7f0c776c0a50d2019bfc2382c867f17079e31d4b7e7667dd8e823ef14bb14f67 fcd87d658a88b1176614915f39ddfc9f1b34a3c04167fdae104cbcf9d4d5c80e
CLIENT_HANDSHAKE_TRAFFIC_SECRET 6bee9667e4fa723bb16a5012a2bf6a084e9460241dac515a79ad2cd31249aabf dffb93ef89198e60feb047b99f50dfbc766acbe49c6c7b5c45bddfd454a95414
SERVER_HANDSHAKE_TRAFFIC_SECRET 6bee9667e4fa723bb16a5012a2bf6a084e9460241dac515a79ad2cd31249aabf e50ec5971b792a35add9b935eca30becf6d7b01bb8d7acec127e2378eb4de456
CLIENT_TRAFFIC_SECRET_0 6bee9667e4fa723bb16a5012a2bf6a084e9460241dac515a79ad2cd31249aabf e5cbecafc04664109809cf183313c49ad4cb44c2bb837e4f876e9c8610a1d33e
SERVER_TRAFFIC_SECRET_0 6bee9667e4fa723bb16a5012a2bf6a084e9460241dac515a79ad2cd31249aabf 02110c6177f38d73c3147f9ca960d7893a7a424ddc8d66f957be83ad058832a1
EXPORTER_SECRET 6bee9667e4fa723bb16a5012a2bf6a084e9460241dac515a79ad2cd31249aabf bdb2564e2baa57e4d3ad14dc3a666bfabcb03ec3dd8dda4843702beb7e0f359e
CLIENT_HANDSHAKE_TRAFFIC_SECRET 95e9594a70fe369ae85870f11cd61f0eece360c73e466df98b731df7e5dc7b8c 1ce2ebd52ad64c7692868f8ffec8b800ff7dadf792916d2f1d8f2cada5335f53
SERVER_HANDSHAKE_TRAFFIC_SECRET 95e9594a70fe369ae85870f11cd61f0eece360c73e466df98b731df7e5dc7b8c 270b6aa6db197b853c43257180e9d1c61cc8e60608bc1c261ea8614cf419a6a7
CLIENT_TRAFFIC_SECRET_0 95e9594a70fe369ae85870f11cd61f0eece360c73e466df98b731df7e5dc7b8c c0073c5593ce3f6b333528f3c3910e61858be1767a57b82035aa5ff346aeade2
SERVER_TRAFFIC_SECRET_0 95e9594a70fe369ae85870f11cd61f0eece360c73e466df98b731df7e5dc7b8c 46555910997b7579f9d712a9950b79f3290bce64f21438a9823e8c541ab38ae5
EXPORTER_SECRET 95e9594a70fe369ae85870f11cd61f0eece360c73e466df98b731df7e5dc7b8c 5c81c2f1cda726cdf7e961baead66cc365cc92f88548af632b6cb3ff1268b589
CLIENT_HANDSHAKE_TRAFFIC_SECRET 8c553d8bcaa610996d91aedd4fa921c1bea70008624b8c016e1d65f75dd617cf c7bc1291b81e3a5dd338a2b8e2baf47f22e3610f87d4f688c3918ad2fedff848c666117b3f36dbf546879bcf3d75df73
SERVER_HANDSHAKE_TRAFFIC_SECRET 8c553d8bcaa610996d91aedd4fa921c1bea70008624b8c016e1d65f75dd617cf f042ef3a654d0832b8a510f4a5e1b2ba9fa49ee7ed9d4d3a4823c1686b53bbb75a919f973f2ebf8deb141f334cd296fc
CLIENT_TRAFFIC_SECRET_0 8c553d8bcaa610996d91aedd4fa921c1bea70008624b8c016e1d65f75dd617cf b56611af557c433aedb8a36790e2f255dc3705ce530bf46f19545f1a3cb88adc6cdb5bb4f96844afa571a70d9406f01c
SERVER_TRAFFIC_SECRET_0 8c553d8bcaa610996d91aedd4fa921c1bea70008624b8c016e1d65f75dd617cf 8120bf1239d86ec7a444bd9ca6184e5c80783d3330c623e4fe870d9291a607cd09d2e2bb200b11f9e1430f6178413b3c
EXPORTER_SECRET 8c553d8bcaa610996d91aedd4fa921c1bea70008624b8c016e1d65f75dd617cf c3732997bda302bcfeea9daa82be2bbef022ae8256f41ee236a57931267b9010066a0877c9f2803238e29cb880bccab5
CLIENT_HANDSHAKE_TRAFFIC_SECRET 4433a0fa77344c7c4ea94a5fae23e5484b3077a2400bee1d91e50641048105a7 10c7aaf8eb57ce4fb24e1feaa6b09cb423ccd49b7bc0e76590e93f2fef45c422
SERVER_HANDSHAKE_TRAFFIC_SECRET 4433a0fa77344c7c4ea94a5fae23e5484b3077a2400bee1d91e50641048105a7 9376d8f041094a8c554f3115630e1cf8f800ef3c6d7d8307cfe7309a12f90286
CLIENT_TRAFFIC_SECRET_0 4433a0fa77344c7c4ea94a5fae23e5484b3077a2400bee1d91e50641048105a7 9e492175323ff62552ff876e40c1ed90b23c13807ef5f43e1a9af5ef54918b2f
SERVER_TRAFFIC_SECRET_0 4433a0fa77344c7c4ea94a5fae23e5484b3077a2400bee1d91e50641048105a7 fdb7e83595084f5914df6db52a5bbcd9aaf6ad46f8cda5ec70bdc6acd8e3450b
EXPORTER_SECRET 4433a0fa77344c7c4ea94a5fae23e5484b3077a2400bee1d91e50641048105a7 ac5d22e542d0b1c3d6025fd1bb18b6a4dccfdb1c21ec2d00f7e7b2aa4483087d
CLIENT_HANDSHAKE_TRAFFIC_SECRET 6dab23abb1ed04ab8a060e6c32b6bb3d296b5e2985ba55b0faada9b5decaf649 1f01f2fbafea69ea5fb7b0f783164994f410fdb3c1290319bcece674e89feb64
SERVER_HANDSHAKE_TRAFFIC_SECRET 6dab23abb1ed04ab8a060e6c32b6bb3d296b5e2985ba55b0faada9b5decaf649 ca90db4d705bc5177af3358d868eaca46e1dbf33f5010e7fc2a6ecab09620244
CLIENT_HANDSHAKE_TRAFFIC_SECRET 6e28972e0f24dec58a666f1ea781d1469e86285276d89a61d18ca2e8e4f550a2 320d4b8ba724de5abeefc2bce3ff8ad1957c5b4550ea5ee7c5508cf868f310ce
SERVER_HANDSHAKE_TRAFFIC_SECRET 6e28972e0f24dec58a666f1ea781d1469e86285276d89a61d18ca2e8e4f550a2 0b647b37d18c35f4afee83b9b9dbbaf7652bc49126e588c82de7b377146466b8
CLIENT_TRAFFIC_SECRET_0 6dab23abb1ed04ab8a060e6c32b6bb3d296b5e2985ba55b0faada9b5decaf649 50a26cda30edd4dc9db93a09d9439b1d2697f59a19a24b1ecc9f54af5725e1e8
SERVER_TRAFFIC_SECRET_0 6dab23abb1ed04ab8a060e6c32b6bb3d296b5e2985ba55b0faada9b5decaf649 b40f8821410a4f3a4d4ad8208b0b4a40e07f4f2fe3ba3b4f7654295cb7b93002
EXPORTER_SECRET 6dab23abb1ed04ab8a060e6c32b6bb3d296b5e2985ba55b0faada9b5decaf649 c4e76f3d3811abb81a22846a3ab1e2e1cc5d916d88342ebcc363aad4a7f2008b
CLIENT_HANDSHAKE_TRAFFIC_SECRET 7333bc9d25985baac431f7aaebb3e4d9f2ea2ed332ea6a64eea80c794e552e01 ca0603ed3692d4f46d220669414e3482cc285d818446823f75d2f30c31df1f5d
SERVER_HANDSHAKE_TRAFFIC_SECRET 7333bc9d25985baac431f7aaebb3e4d9f2ea2ed332ea6a64eea80c794e552e01 3a5858e66050c946c244385ca23ec95a97f85daa0d317ea3e5fdf248091cea04
CLIENT_TRAFFIC_SECRET_0 6e28972e0f24dec58a666f1ea781d1469e86285276d89a61d18ca2e8e4f550a2 e5c71a91cf9bf39aa46f4fa1f50177811a9211941afd5099f8419ac81f1580fc
SERVER_TRAFFIC_SECRET_0 6e28972e0f24dec58a666f1ea781d1469e86285276d89a61d18ca2e8e4f550a2 9edc311b28f058bff32e679945b603f7e8f0da11ad773f4db9fc0727368ef481
EXPORTER_SECRET 6e28972e0f24dec58a666f1ea781d1469e86285276d89a61d18ca2e8e4f550a2 66b2658a129282255e6ab7c76d78540cef5c80b7f2363a8944fe9b73b2cc941d
CLIENT_TRAFFIC_SECRET_0 7333bc9d25985baac431f7aaebb3e4d9f2ea2ed332ea6a64eea80c794e552e01 b4ba593ae1af51d142c4017f40ea063bc22c3e0ac41baf6c4a6cbffd77c0d6a8
SERVER_TRAFFIC_SECRET_0 7333bc9d25985baac431f7aaebb3e4d9f2ea2ed332ea6a64eea80c794e552e01 50ad963c2bd2cb165c4390a5d49ceaee496372b57f526fd8a09c33105891c68b
EXPORTER_SECRET 7333bc9d25985baac431f7aaebb3e4d9f2ea2ed332ea6a64eea80c794e552e01 0bb60683bb12d91962fb00f408d31943ff2c0238120ae4630b36012b5bb75bf2
CLIENT_HANDSHAKE_TRAFFIC_SECRET 38a4dff781822a6b23368126ad732443160598b28396c317d4aac697a713b35c fa70a9f22d9d3e418c57c22d9e49e58eff0ed0be2308d45d136cb5fa9d721bcc
SERVER_HANDSHAKE_TRAFFIC_SECRET 38a4dff781822a6b23368126ad732443160598b28396c317d4aac697a713b35c 244287668eba3434e0671834624f9a532f5044cec731c4857c12abff267bf3d9
CLIENT_TRAFFIC_SECRET_0 38a4dff781822a6b23368126ad732443160598b28396c317d4aac697a713b35c 196222351b2de76cb8a9d1612693c1ea369b867d50f7c619720c52e71ede3016
SERVER_TRAFFIC_SECRET_0 38a4dff781822a6b23368126ad732443160598b28396c317d4aac697a713b35c f5f36d8abf1bf57041167ff84dd8a4b763dfed35f5d5100c161c0c036508b0b5
EXPORTER_SECRET 38a4dff781822a6b23368126ad732443160598b28396c317d4aac697a713b35c 0f5f20d83199d666c21043a3919b101bae330c44f250f57fa9308bee024d5a1f
CLIENT_HANDSHAKE_TRAFFIC_SECRET 045495e2e0930742237be3d76a664e943dccfb61e6898b078a7fbeca127ae88e 9676f5387fc5c2e15d96d3fc6ff2ba72577e16dd3bb50669ee4fb2ff1c89793fb521d273ee72debd333a49eed1cdd646
SERVER_HANDSHAKE_TRAFFIC_SECRET 045495e2e0930742237be3d76a664e943dccfb61e6898b078a7fbeca127ae88e 9762e14c0bb7392d0b8b88508bc4d7f1773313f52c03d99465f524da63aeb60a9bcf113c8e65402dc99b7aacb6ebe730
CLIENT_TRAFFIC_SECRET_0 045495e2e0930742237be3d76a664e943dccfb61e6898b078a7fbeca127ae88e a5638669fd7b6bef841bc178e9f31be0e5f17a706b99d5dd2e11ed0fabf201e5a0ca350f3c5a313d6ee4fb4108b7c731
SERVER_TRAFFIC_SECRET_0 045495e2e0930742237be3d76a664e943dccfb61e6898b078a7fbeca127ae88e a4810a75bee47785947a4f497b63c207a4572ac67b9b5a4b8f6f135678f622d6d7599250183fa9edca783fd5962e8c1b
EXPORTER_SECRET 045495e2e0930742237be3d76a664e943dccfb61e6898b078a7fbeca127ae88e 4bc9bdc78d33af1414f47027e31258664534717ff5788cfa4e9da464376476f979f17c85063ba30d1353ad99a27c04bb
CLIENT_HANDSHAKE_TRAFFIC_SECRET 18e1cc590800d4828fe4feac28b0fc1a3eeaa49d4547912d56477fa4af7bfce2 79ffb5383c79253cc35629c4379c5331aea9b3d11044065240956a89f1517eb8
SERVER_HANDSHAKE_TRAFFIC_SECRET 18e1cc590800d4828fe4feac28b0fc1a3eeaa49d4547912d56477fa4af7bfce2 3f1b22e23f2cbf79559dd6db5a80f4040cf3b99a643ced99643eeb3151a7412c
CLIENT_TRAFFIC_SECRET_0 18e1cc590800d4828fe4feac28b0fc1a3eeaa49d4547912d56477fa4af7bfce2 e0c0f1af35d9eb600b249528cc1afc8f99d3215a5e1051d505c85ac781c2aed4
SERVER_TRAFFIC_SECRET_0 18e1cc590800d4828fe4feac28b0fc1a3eeaa49d4547912d56477fa4af7bfce2 42a5e36857dd71b452da58096e7e4c02511ed755e696c43991c97f84c8fd3785
EXPORTER_SECRET 18e1cc590800d4828fe4feac28b0fc1a3eeaa49d4547912d56477fa4af7bfce2 fdf55bd7af6f6daeef846998acaee8f1df07e4b028da0fc50000fe21764df80a
CLIENT_HANDSHAKE_TRAFFIC_SECRET 50553a1a3da54fd47bf9441787962bb3364cf10839c86eb6f69b72844c646046 0423ad831d11b05171a15108ae48474d4c9afc6721a1e2c81ab0d3947a2db10f
SERVER_HANDSHAKE_TRAFFIC_SECRET 50553a1a3da54fd47bf9441787962bb3364cf10839c86eb6f69b72844c646046 d6a0d6dbe829d94e3992640d1a4c77d0b2842da39097d60ce84642f4bc2bf1fd
CLIENT_TRAFFIC_SECRET_0 50553a1a3da54fd47bf9441787962bb3364cf10839c86eb6f69b72844c646046 759ecbde2a06444240a367f14b079ee5530e4b2d7dc487c7a4227a3b61e6f7ba
SERVER_TRAFFIC_SECRET_0 50553a1a3da54fd47bf9441787962bb3364cf10839c86eb6f69b72844c646046 3e5172beb7b656e4d74a3af2e973be035624dad6cdb3e0691581b76579e61bb9
EXPORTER_SECRET 50553a1a3da54fd47bf9441787962bb3364cf10839c86eb6f69b72844c646046 f8a2c2f3704b023251acf790be3aae755c7bca0c3ab09ecf3ddc4cfd15f29f0e
CLIENT_HANDSHAKE_TRAFFIC_SECRET a3c55b9044f04557efec3836a3c30a951cab30e4ef526a8ed509ff1510674908 4b2fb64048ed9af55996ef402e9c9530d1d91934c7fff3cde244f8eca8f92689
SERVER_HANDSHAKE_TRAFFIC_SECRET a3c55b9044f04557efec3836a3c30a951cab30e4ef526a8ed509ff1510674908 307baad14c34595f49bdcb6100c69fa22d398ee1856bbd088445c90e0a3effc1
CLIENT_TRAFFIC_SECRET_0 a3c55b9044f04557efec3836a3c30a951cab30e4ef526a8ed509ff1510674908 9b3f0acf2be0f293271800f102f81ff52af1c6846ef878439ebfa0fd37c6fe19
SERVER_TRAFFIC_SECRET_0 a3c55b9044f04557efec3836a3c30a951cab30e4ef526a8ed509ff1510674908 7daa5b9cc04aa4d3f54ba7816a19b4c2b1fcac391f073c4ab5b3ed02302f832d
EXPORTER_SECRET a3c55b9044f04557efec3836a3c30a951cab30e4ef526a8ed509ff1510674908 94bf366f3a18851db1b35555fbf81bfb449649977f61cd2176529c8399182bcb
CLIENT_HANDSHAKE_TRAFFIC_SECRET 5262c152bf5b23b7656a613fc300ff0e1105f046a7f9b55bddc233a59190fd91 6e26df3c7e322619f0ea3188e95d182ba47286d4fe037e45f0f7789475c27db4
SERVER_HANDSHAKE_TRAFFIC_SECRET 5262c152bf5b23b7656a613fc300ff0e1105f046a7f9b55bddc233a59190fd91 ca31ad5dbb2f7801c681655e17ec4a71f7ec2b6547ad7c26b2f5e169285b195e
CLIENT_HANDSHAKE_TRAFFIC_SECRET 38938f5eeb5034c324e73da94128671ce47ee14ebb97fc429d81773e7947130c 3278bfd797d4c15d35b45901c11e469beb55fa1f1e23226cd2c9e8c45c624d9c
SERVER_HANDSHAKE_TRAFFIC_SECRET 38938f5eeb5034c324e73da94128671ce47ee14ebb97fc429d81773e7947130c 4b353d0604e24a6e396014c5bc5288f6cfa17d57f4826efe8fb1649d5327b359
CLIENT_HANDSHAKE_TRAFFIC_SECRET 0ddcc5ac924ed0ee5c326de9d60f4d73361b698b07e1b4a7c15855bc4238091c 5f8658e804e34da3a6e373434111e9e370fb8720025b5f71a18ba977cf31d82e
SERVER_HANDSHAKE_TRAFFIC_SECRET 0ddcc5ac924ed0ee5c326de9d60f4d73361b698b07e1b4a7c15855bc4238091c 8843b174861e4f26d65d9aadc03d46f3db2030c1940b90b3e1a6591182ecdea8
CLIENT_TRAFFIC_SECRET_0 5262c152bf5b23b7656a613fc300ff0e1105f046a7f9b55bddc233a59190fd91 152be5cc4aa83d994942bbe82f762a3e99d67988e5489b7c022d586e5f7c1c69
SERVER_TRAFFIC_SECRET_0 5262c152bf5b23b7656a613fc300ff0e1105f046a7f9b55bddc233a59190fd91 e80e9f6e2c3d5789d68ec5f6673a01c739932b374126069898a6bb2cd7d44a3f
EXPORTER_SECRET 5262c152bf5b23b7656a613fc300ff0e1105f046a7f9b55bddc233a59190fd91 5931633cc5abb63da3eb02f6db04351f854045042036868326dc091038aa2ddd
CLIENT_HANDSHAKE_TRAFFIC_SECRET b26cfd956529ccb35d2bb336fd10f148413113e58ac42283eb2ff9003c8997e4 2b163934c228c2b66e1ae447ea719225db8350fbb7e9ad7de4780c4857de6e91
SERVER_HANDSHAKE_TRAFFIC_SECRET b26cfd956529ccb35d2bb336fd10f148413113e58ac42283eb2ff9003c8997e4 392e89944e39c453a4eaaa998123c9d71d5e413a786e490949111515997792ed
CLIENT_HANDSHAKE_TRAFFIC_SECRET e8a8825b2cf7c513dcb4a0fa36aff091af640beac1cb197b6f02210ce7f0b628 d0f4905c2371ebc1545ad422b63be4fea5613b33ed0f454ff6ee26445344b01c
SERVER_HANDSHAKE_TRAFFIC_SECRET e8a8825b2cf7c513dcb4a0fa36aff091af640beac1cb197b6f02210ce7f0b628 0dbeb30c79972e83ba41a97fa39f86511aebe013f8d63707bf328ba302586d0c
CLIENT_HANDSHAKE_TRAFFIC_SECRET 5fe277d8037bd6de986424c36e906847edcc9555f8b7ccbf54738c447231ac1b 9cdc60a85382db149034a3f1935451301c25e631bd33e091d75fd57d146680c8
SERVER_HANDSHAKE_TRAFFIC_SECRET 5fe277d8037bd6de986424c36e906847edcc9555f8b7ccbf54738c447231ac1b 122d53ee38949b6315b7b61040601e3242125b675c8d35ab773b1957bc0b3745
CLIENT_TRAFFIC_SECRET_0 b26cfd956529ccb35d2bb336fd10f148413113e58ac42283eb2ff9003c8997e4 20eda79cba5e854adada00cfee109cef64f60d43cfde5ac9b37c65502566cf80
SERVER_TRAFFIC_SECRET_0 b26cfd956529ccb35d2bb336fd10f148413113e58ac42283eb2ff9003c8997e4 ed091ac944b3c2a40a4537e0ee2cab581d8516cd59bdfb85dad923f5dd4e43ee
EXPORTER_SECRET b26cfd956529ccb35d2bb336fd10f148413113e58ac42283eb2ff9003c8997e4 20663351e1cc9cae94594264cd85a16d330cdd504ffb80c109c88655624075d7
CLIENT_TRAFFIC_SECRET_0 e8a8825b2cf7c513dcb4a0fa36aff091af640beac1cb197b6f02210ce7f0b628 bf29360bc7b35f240bae4185c23f496f67e446a43d90ec963d3cc6fb18b21233
SERVER_TRAFFIC_SECRET_0 e8a8825b2cf7c513dcb4a0fa36aff091af640beac1cb197b6f02210ce7f0b628 93c4d8c9ff79c25ebc6f74405bc038121d1b65f3917147c62565572866726b02
EXPORTER_SECRET e8a8825b2cf7c513dcb4a0fa36aff091af640beac1cb197b6f02210ce7f0b628 32157dd47fb5bf6475b257ea2895c28e7ffec3d6495ea239f5eea58499dc61cf
CLIENT_TRAFFIC_SECRET_0 5fe277d8037bd6de986424c36e906847edcc9555f8b7ccbf54738c447231ac1b 0c25f00c1807a6b0ec3a215ac1f72293eb1eb423a94467aa86bba360a28a1ef8
SERVER_TRAFFIC_SECRET_0 5fe277d8037bd6de986424c36e906847edcc9555f8b7ccbf54738c447231ac1b 4507ae2d9d277c05983b421c1cb4496b3d116e6228ce4fd3daa288c206bd9b30
EXPORTER_SECRET 5fe277d8037bd6de986424c36e906847edcc9555f8b7ccbf54738c447231ac1b e51d63583d909b89b8b98da7ac72f468f751a015135d27fce4604c1342883294
CLIENT_HANDSHAKE_TRAFFIC_SECRET 71be87a3d772929d87e8be10da0bee0dde519cb003505208e07f23c18763c1b2 16cd4e18c259b9d8aec286886797bc6e0a2e871b4f14a8996ef20c94c3afb31b
SERVER_HANDSHAKE_TRAFFIC_SECRET 71be87a3d772929d87e8be10da0bee0dde519cb003505208e07f23c18763c1b2 f42959986d474e67b7b3c19b769aab2385441ab3971f7f79e4f7959857a68b66
CLIENT_TRAFFIC_SECRET_0 71be87a3d772929d87e8be10da0bee0dde519cb003505208e07f23c18763c1b2 3e706d76d2d67399fe8be6a9cc305a0871e075943ab6d18c6eae7b35818cb8fd
SERVER_TRAFFIC_SECRET_0 71be87a3d772929d87e8be10da0bee0dde519cb003505208e07f23c18763c1b2 97aa805fb6c680892b0011149f04033a54dbbbd397cdeef5dbd751e6787a0866
EXPORTER_SECRET 71be87a3d772929d87e8be10da0bee0dde519cb003505208e07f23c18763c1b2 35066ca4e4f623d9622b9533dbe65014c75527aa1de60dd3ff472e04ccd451b3
CLIENT_HANDSHAKE_TRAFFIC_SECRET dc58cdbd85547cf01d5a490767934cfd8e998ef3fb90967f744880d9f2662284 d5bd2d73dac417c75006356f40e60bc8763c876541cdd59a2145a43f5b0733c1c7bb08b9ce4ee278d1e9491bf656c3dc
SERVER_HANDSHAKE_TRAFFIC_SECRET dc58cdbd85547cf01d5a490767934cfd8e998ef3fb90967f744880d9f2662284 f92a4fe6014f812097db804fd48cb096271d8171530dff737fcce05a7890c6ee3a60dd12ab6635ca941f6be63f1a422d
CLIENT_TRAFFIC_SECRET_0 dc58cdbd85547cf01d5a490767934cfd8e998ef3fb90967f744880d9f2662284 66cfe5d066e712d282fa3cfe4273893dac83740bbb0baa6d1e35c1ec8d1bb7e832dbc99aa419fa187d115339d01e60b1
SERVER_TRAFFIC_SECRET_0 dc58cdbd85547cf01d5a490767934cfd8e998ef3fb90967f744880d9f2662284 a66fe37037fd03fa6c782c989e68484955fb89810e3b1f7a990f95358ca6b30fd63024c6ec99ed350f517e9db48acfff
EXPORTER_SECRET dc58cdbd85547cf01d5a490767934cfd8e998ef3fb90967f744880d9f2662284 b117ffd9aae3bff70e2f1b161c57bf8e5c6a6081fa8fbaf36677d4b51fd3fd6e633816addde82a74f110663477b886c9
CLIENT_RANDOM 1fb9e91a5072c79130e20749b1877b6a583639ba7f7854d272b3c32378cc4093 94623225bf04f56a2ec945971304b4349c5c67d612694beb45bad3b38185fe53efd1516bc20aa9ae573474b242c7ebc4
CLIENT_HANDSHAKE_TRAFFIC_SECRET a470747b97246b18a56268a006f55b88befbaf898d5a8ad328adda69596f7a21 e9102d248cabf8880cd64961ef45c96c9e314986d8252de4f2d435012dd2109d
SERVER_HANDSHAKE_TRAFFIC_SECRET a470747b97246b18a56268a006f55b88befbaf898d5a8ad328adda69596f7a21 ebb4b2bed1968779ddce94edf16b85e45fe7e4ee43b38eef2178a66f1c7600c9
CLIENT_TRAFFIC_SECRET_0 a470747b97246b18a56268a006f55b88befbaf898d5a8ad328adda69596f7a21 7712371c06c8ff66fed4bcf65bb9b6a040fc8f1a974900f6af02186a636839aa
SERVER_TRAFFIC_SECRET_0 a470747b97246b18a56268a006f55b88befbaf898d5a8ad328adda69596f7a21 dea4b2ed7acf6fe5f6266f4a8818d4874551fd4bfa0cfa5a0aa4aeb5f59d1740
EXPORTER_SECRET a470747b97246b18a56268a006f55b88befbaf898d5a8ad328adda69596f7a21 39b3001cfce688d08697aa73b6244c3d142aaa380655635b6d8e998343e2e1ba
CLIENT_HANDSHAKE_TRAFFIC_SECRET 52ef868c9bebfe896f5d0f5678760fd6b2a186de2ea01ea9b6c41d2e3e450171 a95352b0d6e93a2d2bcd05605bedf0815ff669057eed36403406ddbab727d16c
SERVER_HANDSHAKE_TRAFFIC_SECRET 52ef868c9bebfe896f5d0f5678760fd6b2a186de2ea01ea9b6c41d2e3e450171 c944becb176cbe3efc91559181b2e493616f9079aca66f4f812ad44b60faf75f
CLIENT_HANDSHAKE_TRAFFIC_SECRET f7b0354fb2275ae197094fcc6e2ae377713c0b999ebe77a4fe17c23348c604da f3daa876f6fad5699bd810930825fec4f03c1dd83f6b39a747702bdbca3b7328
SERVER_HANDSHAKE_TRAFFIC_SECRET f7b0354fb2275ae197094fcc6e2ae377713c0b999ebe77a4fe17c23348c604da f6770b4a7f4b680173d0e2f5c5501b5c93241a110beea37c8c63e1a2fe5eb1fa
CLIENT_TRAFFIC_SECRET_0 f7b0354fb2275ae197094fcc6e2ae377713c0b999ebe77a4fe17c23348c604da b77bf37ecf453ffcd0030614b24d1459e0ac45784f992465c746ca6726f9c184
SERVER_TRAFFIC_SECRET_0 f7b0354fb2275ae197094fcc6e2ae377713c0b999ebe77a4fe17c23348c604da 2ce03648d6783c88f807f002e976d0e9c2aba6ca32e8e575012c91d4d36bad56
EXPORTER_SECRET f7b0354fb2275ae197094fcc6e2ae377713c0b999ebe77a4fe17c23348c604da 38654889751409407d6db3d29ec2705f6223ea2690f089151347e75fde098794
CLIENT_HANDSHAKE_TRAFFIC_SECRET 36b47b5e038cd0cec16b73917aa2910da8d6c8772d6692a01c77ddafd66f86b7 23100a3e58e821d3b9b1db96851c4330a249a0bddb0e71d5755b4697c1ae2484
SERVER_HANDSHAKE_TRAFFIC_SECRET 36b47b5e038cd0cec16b73917aa2910da8d6c8772d6692a01c77ddafd66f86b7 53a94773f2fdddda6d4f0c552ca918022dd170db614db4c767b1232da2a088c1
CLIENT_TRAFFIC_SECRET_0 52ef868c9bebfe896f5d0f5678760fd6b2a186de2ea01ea9b6c41d2e3e450171 906a10cb5134b0debd66509618beedfa4127fa33ac384d08f5de563ef5e32c2d
SERVER_TRAFFIC_SECRET_0 52ef868c9bebfe896f5d0f5678760fd6b2a186de2ea01ea9b6c41d2e3e450171 320adf0ab8430c3d4651ba51b9c940484177afd307db9d058bac1834c0187f6d
EXPORTER_SECRET 52ef868c9bebfe896f5d0f5678760fd6b2a186de2ea01ea9b6c41d2e3e450171 3d379d3fac3f7e030ed57388bfee706356a871eee11dc218cff66087b78fb37e
CLIENT_RANDOM eeba2c1e2815ce9262793cba2ebe203564cc93345c93c37f0fc1525d6052e16b ec7edd5af29384c05a677c19d5aa4e505f8410bbb7c35b40a571b4baa8dc31f910a50de9ebc34c2a70d9c83641c3f8ed
CLIENT_TRAFFIC_SECRET_0 36b47b5e038cd0cec16b73917aa2910da8d6c8772d6692a01c77ddafd66f86b7 72b6553d691fea16b77f06fad7b23730152642bd1aa574e506323de9714821a2
SERVER_TRAFFIC_SECRET_0 36b47b5e038cd0cec16b73917aa2910da8d6c8772d6692a01c77ddafd66f86b7 9c48846796a5aff78ad61f09293aeb35515bec820387adae0a8b7c90633149c9
EXPORTER_SECRET 36b47b5e038cd0cec16b73917aa2910da8d6c8772d6692a01c77ddafd66f86b7 6d5b0873ae9c603534e3b63c75bbb0060cf5786b2cd3d7ced8b9d92b53d1981b
CLIENT_HANDSHAKE_TRAFFIC_SECRET 621fadceaa44d0f065e97f51bb25e9ff301d79cad49f90032f7c243290623398 f94f8a3e3ef2b341a981af7a1644580943e114252aef63e301b61e3cbdb12cab
SERVER_HANDSHAKE_TRAFFIC_SECRET 621fadceaa44d0f065e97f51bb25e9ff301d79cad49f90032f7c243290623398 89b5aaf254c40e2756229e63ef5c7f7b4a6e809ac29d67c67b14e388cf1561de
CLIENT_TRAFFIC_SECRET_0 621fadceaa44d0f065e97f51bb25e9ff301d79cad49f90032f7c243290623398 e4e17c07dc3245aa86051ea715a25883c7d5118efda73b18a59d5a15f0757b96
SERVER_TRAFFIC_SECRET_0 621fadceaa44d0f065e97f51bb25e9ff301d79cad49f90032f7c243290623398 c1d60243715942902cd5bc5b28c164b90e78084c6691e8c720c2e2c559fbd84f
EXPORTER_SECRET 621fadceaa44d0f065e97f51bb25e9ff301d79cad49f90032f7c243290623398 42831e063f08fba9a979342846dc6db231995b8d154850a23eaaa085b0d9fb50
CLIENT_HANDSHAKE_TRAFFIC_SECRET b6cf645dad871855cba75e02224696ea53ffa3257f140c550f0a3082798201b8 60302f8fccde7ef8e151c04f66b4fe3fcb3a705df3cb2b0f5834ab348662e6e7
SERVER_HANDSHAKE_TRAFFIC_SECRET b6cf645dad871855cba75e02224696ea53ffa3257f140c550f0a3082798201b8 4c89ffa259c7075dcd668b77d0a771ca39ae10dcc3f00bce160347deab0aff1d
CLIENT_TRAFFIC_SECRET_0 b6cf645dad871855cba75e02224696ea53ffa3257f140c550f0a3082798201b8 25c339fd6e313dd9e678fe231a1c9292e8f1284175f39e4da88847909e27015d
SERVER_TRAFFIC_SECRET_0 b6cf645dad871855cba75e02224696ea53ffa3257f140c550f0a3082798201b8 02feea54eeaf13d688527138b8760d8912a94a4f55a9205670bfbbc6ca9b1516
EXPORTER_SECRET b6cf645dad871855cba75e02224696ea53ffa3257f140c550f0a3082798201b8 e170442bde4e24b23022288c1551f31dbbf2b52705d6d5a92d2d769cce6eb562
CLIENT_HANDSHAKE_TRAFFIC_SECRET eff176c2ce95728a392573602859b6a60b6f4da7837a6db5dd13a1c48fb0ab37 de9e735794b01a6ba38b0d775f051eafae4a614196d731d2e93c962893c5f023
SERVER_HANDSHAKE_TRAFFIC_SECRET eff176c2ce95728a392573602859b6a60b6f4da7837a6db5dd13a1c48fb0ab37 299fdb762cff5580de7b070dcfa40cad3c8a9b4de5160e24fd953bc48bf8680c
CLIENT_TRAFFIC_SECRET_0 eff176c2ce95728a392573602859b6a60b6f4da7837a6db5dd13a1c48fb0ab37 47a0872df88b9d638140daf4c6a29e45f47ec94204f4f363afa9da65d1639571
SERVER_TRAFFIC_SECRET_0 eff176c2ce95728a392573602859b6a60b6f4da7837a6db5dd13a1c48fb0ab37 faa29db0fe4d0aa21cbd7ec18ce418d2a12de47673837e36132a79a3b1b93bd1
EXPORTER_SECRET eff176c2ce95728a392573602859b6a60b6f4da7837a6db5dd13a1c48fb0ab37 aa89fd2e810eb3998ca68d071e0de08402e33d6312f1a2c6b46ea3adbf04be86
CLIENT_HANDSHAKE_TRAFFIC_SECRET a3e514f5607bfb84893ecb8a7bb854b3b39279f2af729f6e59a1ab208b182c0c 6ef7496206a35aaec91ca8e1763bca964554be45dee6b3f2009dd29286bfe034
SERVER_HANDSHAKE_TRAFFIC_SECRET a3e514f5607bfb84893ecb8a7bb854b3b39279f2af729f6e59a1ab208b182c0c a51b8a76efdab76398a1bee2a87f6826952e0a7b3ff6919f71dac48f9d10ce9d
CLIENT_TRAFFIC_SECRET_0 a3e514f5607bfb84893ecb8a7bb854b3b39279f2af729f6e59a1ab208b182c0c cdc294d6b40395a6bdd1d76c31423db0a0e613ac901f2f2791e14009ecc48b3b
SERVER_TRAFFIC_SECRET_0 a3e514f5607bfb84893ecb8a7bb854b3b39279f2af729f6e59a1ab208b182c0c 1a35e167d48aa074f59e09498f717a00e2b0c4ca7453b6664617ddb456b6842c
EXPORTER_SECRET a3e514f5607bfb84893ecb8a7bb854b3b39279f2af729f6e59a1ab208b182c0c f6ea5572034d2f2d473c95f664818c8b312d68e95636e79783f20b7f7ce8725d
CLIENT_RANDOM 469a1951e2efe1945c7bbb850345858b1430a898673cf93bacf239000d1c92cb 722c0065fe1d310ce2a3f9a3e31ca098097b47ee32f680317af4b0a04fec605d8feb5539a348712aafc1ca768124bd49
CLIENT_HANDSHAKE_TRAFFIC_SECRET 382a1dab04b215e09bd446a28f00f25671a737bdfeb053c2c9ac23fbf722ff27 ae0e8c2dd7f1e4ef98d2953fc479cb707065d4070099324116fe3d6e96d0d689
SERVER_HANDSHAKE_TRAFFIC_SECRET 382a1dab04b215e09bd446a28f00f25671a737bdfeb053c2c9ac23fbf722ff27 0fceebccf73b5a2693253c3cac3364a3cf239e23112c2d158380a29213086028
CLIENT_TRAFFIC_SECRET_0 382a1dab04b215e09bd446a28f00f25671a737bdfeb053c2c9ac23fbf722ff27 da5b67389380e9247cdb2f3aee5fda6164d8085c58e90f21bfdba2b2e7091f45
SERVER_TRAFFIC_SECRET_0 382a1dab04b215e09bd446a28f00f25671a737bdfeb053c2c9ac23fbf722ff27 cfd0e470b08d34ca298016ea2ce6986849d17f1c2a9dfaf771e6d3ca264faf7a
EXPORTER_SECRET 382a1dab04b215e09bd446a28f00f25671a737bdfeb053c2c9ac23fbf722ff27 1b2d745c91e15a4d248fdbd8ee68004dfbf2bc37ebc46792f1343579d8cd597b
CLIENT_HANDSHAKE_TRAFFIC_SECRET 77b15443f00910386ea172b7982d763b92a1f42d0c26651297f1cb5e3022029b 881cfc5db61a4f4d8d66bed2a6aae55f276d6f7afdc05f8ad5b7c402beb527c7
SERVER_HANDSHAKE_TRAFFIC_SECRET 77b15443f00910386ea172b7982d763b92a1f42d0c26651297f1cb5e3022029b 1580673c2461ecf2b94dee41dd961ade4f8ee9aaf71a374590e5b9dcfbd0ba04
CLIENT_TRAFFIC_SECRET_0 77b15443f00910386ea172b7982d763b92a1f42d0c26651297f1cb5e3022029b 53c8fc79440115eab4caf3b3c86381833d4c57ca57bec7ffff3adb67ce62d5c3
SERVER_TRAFFIC_SECRET_0 77b15443f00910386ea172b7982d763b92a1f42d0c26651297f1cb5e3022029b b7daa250a7e0f5a0c26150851b0ad0c7329842513fcdf1805cf6f450f4510a33
EXPORTER_SECRET 77b15443f00910386ea172b7982d763b92a1f42d0c26651297f1cb5e3022029b aadc3a6c4481eefb35f72aff993f0a5308cc240523b37ce2bc7806361bc66589
CLIENT_HANDSHAKE_TRAFFIC_SECRET 2a72316735a45999d8fc9d80e4ff81fca7b6c88430a48c8bd2efc504a17a1cd7 5cd1330479f7eff2e40471e34c4e56c77c3f51a1b08079ade94b7b5a3b43fe65
SERVER_HANDSHAKE_TRAFFIC_SECRET 2a72316735a45999d8fc9d80e4ff81fca7b6c88430a48c8bd2efc504a17a1cd7 9c016e96ac1780681fb619badb99bde8609ff4ee1865942c333a59951b13b570
CLIENT_TRAFFIC_SECRET_0 2a72316735a45999d8fc9d80e4ff81fca7b6c88430a48c8bd2efc504a17a1cd7 0508878737e9ac3729ab75dc3422e82cf3cedd1e0c06085fd56e76d274328e82
SERVER_TRAFFIC_SECRET_0 2a72316735a45999d8fc9d80e4ff81fca7b6c88430a48c8bd2efc504a17a1cd7 21393e975f3b59762e465618ad091cf31bf9c285a0e828b931f19291595dbcf6
EXPORTER_SECRET 2a72316735a45999d8fc9d80e4ff81fca7b6c88430a48c8bd2efc504a17a1cd7 70f66c709afa0b60cf2d8126a184474dc64fc8e912b831f6db01313b46cc1392
CLIENT_RANDOM 7ee342bd69c618af6196b7b06b5a0fa736c8ba8a09e0ecc263dd7df50e52cb59 77bcf7125c936a2a9ec5f5d68f716ce76172cebc5c5af1a91c6d8a1d1d8125b0d23b209c470b54dd7c61adcd9a69427e
CLIENT_HANDSHAKE_TRAFFIC_SECRET 40d86f4ffa143aaa17734854d8d403410069c775f89ad392dfeda0c24528b2f0 e591d182f357eabcae4f979302dd44503448a2eafb09023586e93183a9201e48
SERVER_HANDSHAKE_TRAFFIC_SECRET 40d86f4ffa143aaa17734854d8d403410069c775f89ad392dfeda0c24528b2f0 12c12efc52d3ad75d4165b7a120e474c2d4ab13d53313f0f074d8637b03613e0
CLIENT_TRAFFIC_SECRET_0 40d86f4ffa143aaa17734854d8d403410069c775f89ad392dfeda0c24528b2f0 1310d89b9f4ba73d007a94f456b3d6c048d78dec207f5794b4232c05ae447ac0
SERVER_TRAFFIC_SECRET_0 40d86f4ffa143aaa17734854d8d403410069c775f89ad392dfeda0c24528b2f0 4a271c12ac19349559fa3e4e645a9cc15a8488bf59d792fc34bc846adbc3d936
EXPORTER_SECRET 40d86f4ffa143aaa17734854d8d403410069c775f89ad392dfeda0c24528b2f0 baf6a6ad93beafe774972f6c9b10af2ce352d08de39291261abf9410615fd8a3
CLIENT_HANDSHAKE_TRAFFIC_SECRET 482249c9fdbbde5edd07319bdfc43955eee7aef16002d5f75244565fffa85368 1eb59590c568db2f6937907e13b06c6681226810688cd9ae1ff78bd865bd7236
SERVER_HANDSHAKE_TRAFFIC_SECRET 482249c9fdbbde5edd07319bdfc43955eee7aef16002d5f75244565fffa85368 f62554797bd21c0b188e4fc2b99e0e92c24631096cead35497c87adc229e4342
CLIENT_TRAFFIC_SECRET_0 482249c9fdbbde5edd07319bdfc43955eee7aef16002d5f75244565fffa85368 72a510a0212b16385417383f1aabe06d93d815859f11937b5bffeb59bf48c295
SERVER_TRAFFIC_SECRET_0 482249c9fdbbde5edd07319bdfc43955eee7aef16002d5f75244565fffa85368 68069b26eb767f0cefc09fed86113ebccf89ad7235109dfecc1eb29e91ab0bf7
EXPORTER_SECRET 482249c9fdbbde5edd07319bdfc43955eee7aef16002d5f75244565fffa85368 8e50f36757ba13fdd3dbc1d2a907e13a85192bda2387fec2973527d1d7d12562
CLIENT_HANDSHAKE_TRAFFIC_SECRET 0194a69cb379635b67b6c8c3caa219667d6aa000b5c56a1e31397bde05f572ee 52adc2b1a1b022ad14e670ee072d6fd714e8dd809a4f37357d41f94219c60ddc
SERVER_HANDSHAKE_TRAFFIC_SECRET 0194a69cb379635b67b6c8c3caa219667d6aa000b5c56a1e31397bde05f572ee 28fcb56b2fa1fa949b57865c1d22a0703ca7ace9a56fbe4848c56e405b759491
CLIENT_HANDSHAKE_TRAFFIC_SECRET d742d838a3803e71fbd84b84c59a215cad2150aba0b22a44e18e2bdc1721b76a 827f94ee39fbc007be9f80be1100041e0d05d0606f111bd12c224fe72ce29679
SERVER_HANDSHAKE_TRAFFIC_SECRET d742d838a3803e71fbd84b84c59a215cad2150aba0b22a44e18e2bdc1721b76a 0fa3a80af75da3137f06e3beaac147e308c3fc17425e03579c7a2b6d913d721c
CLIENT_TRAFFIC_SECRET_0 0194a69cb379635b67b6c8c3caa219667d6aa000b5c56a1e31397bde05f572ee 546c906a5fa0f8dfa131cfdd4d54beba8c118015b468c2c6948b59d310658bbd
SERVER_TRAFFIC_SECRET_0 0194a69cb379635b67b6c8c3caa219667d6aa000b5c56a1e31397bde05f572ee 1925272d569158d0afcb570f0fc85aa24995ee4d254bdefe34502e6558f7d82d
EXPORTER_SECRET 0194a69cb379635b67b6c8c3caa219667d6aa000b5c56a1e31397bde05f572ee 1e4556640dec3468eee8414059d2e24dea95313d715302fb08f8c606d054e74b
CLIENT_TRAFFIC_SECRET_0 d742d838a3803e71fbd84b84c59a215cad2150aba0b22a44e18e2bdc1721b76a 7fbb710a7dcc8caf2669a0c9fac8234f8fbcac705e3c19f67575608e97a04a62
SERVER_TRAFFIC_SECRET_0 d742d838a3803e71fbd84b84c59a215cad2150aba0b22a44e18e2bdc1721b76a 58fe27fd7795feb30587341e8063e2fefc6b96aa2c2c7adb0762fb7471cabae1
EXPORTER_SECRET d742d838a3803e71fbd84b84c59a215cad2150aba0b22a44e18e2bdc1721b76a 969f914b766364d5e01118e288728dc8b762ed3c04a6eb43280959b22c96223e
CLIENT_HANDSHAKE_TRAFFIC_SECRET 3a6f96ef2be4103629359ae2a06d7ceef8d7e447ad9aead6346f660aad3ad62d 16867f00999f2451dededc3748953d9116017e5430c7a8742bedb1a63dcca66c
SERVER_HANDSHAKE_TRAFFIC_SECRET 3a6f96ef2be4103629359ae2a06d7ceef8d7e447ad9aead6346f660aad3ad62d 6e818a57529651f4f6f2ff8c264f558927d3f0f4131ff0d75fa020b3709d30fb
CLIENT_TRAFFIC_SECRET_0 3a6f96ef2be4103629359ae2a06d7ceef8d7e447ad9aead6346f660aad3ad62d d6cfeed6b8c9460b8a826456aee1245995bc34a70ebde47204b1638fb507660a
SERVER_TRAFFIC_SECRET_0 3a6f96ef2be4103629359ae2a06d7ceef8d7e447ad9aead6346f660aad3ad62d 2edb3d5774412f30b8e081a0dcb6367d60b7ca526e8e360eaf284a884eba1337
EXPORTER_SECRET 3a6f96ef2be4103629359ae2a06d7ceef8d7e447ad9aead6346f660aad3ad62d e7bfa926930904f2bfe141b142eaec2667bbeb325f9857807294838c2c88a637
CLIENT_HANDSHAKE_TRAFFIC_SECRET c045b12d5f05e799285a77419864c93b8eed998d0a05a7748fb5bdbcfd33ce85 c57d31074f7db3cfddcf729aa312edabce05a2dfffcee1fba69fb3b84dfbf7fb
SERVER_HANDSHAKE_TRAFFIC_SECRET c045b12d5f05e799285a77419864c93b8eed998d0a05a7748fb5bdbcfd33ce85 57e121d78d09d7969f70ae169edf3a9022246627cad374d2d50ff589bed45c15
CLIENT_TRAFFIC_SECRET_0 c045b12d5f05e799285a77419864c93b8eed998d0a05a7748fb5bdbcfd33ce85 39e215a38dee816293e6fe18a2e2b9faae37a63d38f11e2fb5239fe9639d8788
SERVER_TRAFFIC_SECRET_0 c045b12d5f05e799285a77419864c93b8eed998d0a05a7748fb5bdbcfd33ce85 1d20db377dc5532b6a2902e0e482692503b8fd0700170779dc8f4a402405a1ca
EXPORTER_SECRET c045b12d5f05e799285a77419864c93b8eed998d0a05a7748fb5bdbcfd33ce85 4a3d375206058da2acbd0af5a76ac0b36a09f801f5f092e15769c367cdaf5426
CLIENT_HANDSHAKE_TRAFFIC_SECRET 59067addc1065770fdfc373c41f00213b6de9c5e8b0c6643ea884d60df7c6cd2 417fc63a876ad82b557f5f323d03c79655a8c4b5bea5e20cda6ad17a746fc2e7a7a0fcfbe89278650afe6a5169ff1aaf
SERVER_HANDSHAKE_TRAFFIC_SECRET 59067addc1065770fdfc373c41f00213b6de9c5e8b0c6643ea884d60df7c6cd2 e38a7b4c8a9b284ec585e116b1de5c730b5d591ec1384cadc4bc0afb502f4321d9cee941feb600cd117559e7cf5a3e04
CLIENT_TRAFFIC_SECRET_0 59067addc1065770fdfc373c41f00213b6de9c5e8b0c6643ea884d60df7c6cd2 51ff069bb1496e4ce282bde9a98195cf6cde0cca56e5fd9538c4c8bc7a6306e2f0e30fa2ed4161a2e8647c46880cf2ee
SERVER_TRAFFIC_SECRET_0 59067addc1065770fdfc373c41f00213b6de9c5e8b0c6643ea884d60df7c6cd2 1d691a1c1796a20a3d7d75497e957a79fef0b6b8bea378f4a7699a2f71b8911453768b0229ed064ed4799bf08ddbb194
EXPORTER_SECRET 59067addc1065770fdfc373c41f00213b6de9c5e8b0c6643ea884d60df7c6cd2 9fc6d21c62c2f18cdc63c7ec8b428d834c7749e6303d1747e1a169cca616ab3227a3d6e764e682088e49ecfa4f795f8b
CLIENT_RANDOM b854c976aeb6ef346dcb57e43143cb3e25795c76abb495b66b5b7b9793bca2ae a58b0ab2d0e15b83022c2fdc071b54469f2927f9f4113c6a62abd1f6601df0844779950616324d1b15860f19c602094e
CLIENT_RANDOM 24a1b4f5c947cf9ce66a33bd0176dd7dea3c96e14e3376a137926f780bb305b6 251547e3d580dfbf1bac032c60fda9fead354abf8c418ddf84e9393370a0e77c8c005e99555f9528dcbaa2beb0836754
CLIENT_HANDSHAKE_TRAFFIC_SECRET e77c242a8de4dd290e63f275f3ad2510bff8dcc1e06777a4e522c1aef9792142 5d16aa479bec5c57ad5c33fda468aa2a07abd4ffbaabb7874d87e261697786a6b016eac2b87c8ad75e5301308aed82cb
SERVER_HANDSHAKE_TRAFFIC_SECRET e77c242a8de4dd290e63f275f3ad2510bff8dcc1e06777a4e522c1aef9792142 076d12fa9bfe6963789d1800f1367c2de109540577f73ed955584e1b95a148979e4a30e6f2c165de1ae696fe153efc35
CLIENT_HANDSHAKE_TRAFFIC_SECRET 362bc15c99d101612a907d3a9bfdea502d972a859f322fa729b046598920af16 d403e936aa372f17aef72623cbae58717a283523be81ac4066152cbef93cd138f424ebe4fcbb4cea881373ff498c3471
SERVER_HANDSHAKE_TRAFFIC_SECRET 362bc15c99d101612a907d3a9bfdea502d972a859f322fa729b046598920af16 360891eef130adea534a19aa007859b3abc9026bac45fc06992fb7ea0ef327cd2dd8d9672c54306a5793bf1d35f0ff67
CLIENT_RANDOM 513d5e9255934e968d0f8acbdd41f8d3c8e8dc6e0bebf6741f6a8f8d0dfee004 96523d61d221f9e0c660fadaeb24ae0db59905785a0e2b06cdb3c7505a5ffd34109f042596b85d44b0153f6b996e041b
CLIENT_TRAFFIC_SECRET_0 362bc15c99d101612a907d3a9bfdea502d972a859f322fa729b046598920af16 e0b06007d48f91a38929c4c05b96e0d36f3a8d1087225edb57fe9f0f94488117e62dc2e79e1ddf1a3ea24682c0a05f05
SERVER_TRAFFIC_SECRET_0 362bc15c99d101612a907d3a9bfdea502d972a859f322fa729b046598920af16 c202848d6ce7c6c7b6ad4038b8048a30e1f77ba3160e1f177ef5ce99e6cfc36e1104113b17bf7b571b55eb2c0d99d02e
EXPORTER_SECRET 362bc15c99d101612a907d3a9bfdea502d972a859f322fa729b046598920af16 25b5339a18a07b34bf5707e3d3baeb7f66aae96d4a4fd979e27231410cad276d6314a8d0778c7274efe5df3c871e94fb
CLIENT_RANDOM e5d819fc05954ab8d379c6928eaf5ee0573b020b49f67c878ed3b0a2455440b7 eb4864d850c6b002c310a816c2eb1cb424895ec249d1e2844191204ef52cca9c834152ec8c646640bba9361f76575693
CLIENT_TRAFFIC_SECRET_0 e77c242a8de4dd290e63f275f3ad2510bff8dcc1e06777a4e522c1aef9792142 dbca679a491fbb512ff290f07d567af85119d530b3c561e5f4ef8c0096f1684923e3e0b44e78fa8598846314de2c9376
SERVER_TRAFFIC_SECRET_0 e77c242a8de4dd290e63f275f3ad2510bff8dcc1e06777a4e522c1aef9792142 eaae88e673d477f9bddcd50fa34891f461152057e03ab9132680ee9929e88b7ded6e140a01ba7c4fe2c144b0889f33b1
EXPORTER_SECRET e77c242a8de4dd290e63f275f3ad2510bff8dcc1e06777a4e522c1aef9792142 390094cee590a2d72ca0973eae037d24f9f664ab864b736092da04b8e4e02d9fb2868fd6597397e1394986805e043cf2
CLIENT_HANDSHAKE_TRAFFIC_SECRET a9ea97a29bea893c8953e31f9c276ce684f3f9c583f76405db3f8a3c10eb1833 139774c2ab3dd2f5f7d208b0e5d29a2ab4d094e047089f726356156f16363120d3acee2a5bd68e21ad5ee9e6c2a86c13
SERVER_HANDSHAKE_TRAFFIC_SECRET a9ea97a29bea893c8953e31f9c276ce684f3f9c583f76405db3f8a3c10eb1833 3c2da53d667871cac4b11182481ee292025edf9c5ecca52802557283cd2fd971625a5aa93b8963903f9d6d8eed063a3a
CLIENT_TRAFFIC_SECRET_0 a9ea97a29bea893c8953e31f9c276ce684f3f9c583f76405db3f8a3c10eb1833 cbc4ad918f6909291376b7328e373291c54ddb337a81b3b047d016e6d08b6a50cc227c8e914583406816c247dd9b681a
SERVER_TRAFFIC_SECRET_0 a9ea97a29bea893c8953e31f9c276ce684f3f9c583f76405db3f8a3c10eb1833 325e8f39ce915f17b5178642e5b027e6a283bda4ab7ef8bd6a9d0f305c655ff9d8ad89a8834528075abefa61b9b69dd0
EXPORTER_SECRET a9ea97a29bea893c8953e31f9c276ce684f3f9c583f76405db3f8a3c10eb1833 3545b041e3bc40c2c8e0ea939f220c276f17ce5654c42978ac6bfc60e788d10628030a7aa0ff8880857089e5f8015ea2
CLIENT_HANDSHAKE_TRAFFIC_SECRET f146e44447cd7ddffeba7e52832c2a9e65a795a7a5f1f103c4d969ddd5524a3f 34f5ea2b0e56b866dced2becb6be44cfa51dc62e5e9fd53aab8c8a532db1457e
SERVER_HANDSHAKE_TRAFFIC_SECRET f146e44447cd7ddffeba7e52832c2a9e65a795a7a5f1f103c4d969ddd5524a3f 1e1acab53f15c6df66690468187b4968dd4dd2d1a40ff200753c1250a1bab7e3
CLIENT_TRAFFIC_SECRET_0 f146e44447cd7ddffeba7e52832c2a9e65a795a7a5f1f103c4d969ddd5524a3f a10261845a80679293fbb049a8d8938294ca15b59cc5447c968bd77881ae0c3d
SERVER_TRAFFIC_SECRET_0 f146e44447cd7ddffeba7e52832c2a9e65a795a7a5f1f103c4d969ddd5524a3f 1d6a7b4ec5b15804aa2738e72194252681427b6629a0f412f96cf6f874d86d53
EXPORTER_SECRET f146e44447cd7ddffeba7e52832c2a9e65a795a7a5f1f103c4d969ddd5524a3f 15f220c7ed9870a1769f0d31d185c1bfac376aa1598b77d5c4518b7c0053f53d
CLIENT_HANDSHAKE_TRAFFIC_SECRET 15b31dd0ed93b00fa4e9cc9a06857efb519edeec3f0e5ccecb4377c1b243ddb0 b1ed2062a9c6fce26b79e7eb6d51d2ca7f52cf489bd6246ff2d17d82147b34dc
SERVER_HANDSHAKE_TRAFFIC_SECRET 15b31dd0ed93b00fa4e9cc9a06857efb519edeec3f0e5ccecb4377c1b243ddb0 5b386fbc31fc3c0bad40ef88fa1dcc45906c9d39a1ba01d37e1af2b8e7a61818
CLIENT_TRAFFIC_SECRET_0 15b31dd0ed93b00fa4e9cc9a06857efb519edeec3f0e5ccecb4377c1b243ddb0 4323d2b0f645263a87fa95cbaa3481b2649b77631091dbd33d9e62fe8812282c
SERVER_TRAFFIC_SECRET_0 15b31dd0ed93b00fa4e9cc9a06857efb519edeec3f0e5ccecb4377c1b243ddb0 26d16c1f20409c06b14277a87c71765607ae4937404ee4c55b09901f1eb0bd92
EXPORTER_SECRET 15b31dd0ed93b00fa4e9cc9a06857efb519edeec3f0e5ccecb4377c1b243ddb0 200307ea38abc24d2ea9ea6e234521f0970eeb2ba73f95cabbe2aa5f2eb9d28a
CLIENT_HANDSHAKE_TRAFFIC_SECRET 680e833df4713f171ea7e7eb17ff692eb2f21594ff89a60690aeb93170b80df4 f5492e74f3183868656d49324de620222bfe409db5728ad5b4f8a874d6932334
SERVER_HANDSHAKE_TRAFFIC_SECRET 680e833df4713f171ea7e7eb17ff692eb2f21594ff89a60690aeb93170b80df4 7ff5fdaeb670c5b068ed2fcab7b6f74f64057a4d02d7ec2c22fb2fef35c168c3
CLIENT_TRAFFIC_SECRET_0 680e833df4713f171ea7e7eb17ff692eb2f21594ff89a60690aeb93170b80df4 184ae3d2befee527905e615564ccdda9922be781f31b734a543eb1dd21d8b1ae
SERVER_TRAFFIC_SECRET_0 680e833df4713f171ea7e7eb17ff692eb2f21594ff89a60690aeb93170b80df4 2bb9639533df96e232053e6daf1e6b5ddbe692ee3a7a36af08e4472a12621f5f
EXPORTER_SECRET 680e833df4713f171ea7e7eb17ff692eb2f21594ff89a60690aeb93170b80df4 4dcf41cef7570a18e9bbe71762617ddc10319b2fa0456133645aaaae103836b2
CLIENT_HANDSHAKE_TRAFFIC_SECRET 60ff72a2ef9d79a5090b7c665fedf6ca85aac7514fccbf343a84cc01871c68f8 634e60960c29d017c8a151e3483dd7873f65720c7d0e21045b12b62341ef08ec
SERVER_HANDSHAKE_TRAFFIC_SECRET 60ff72a2ef9d79a5090b7c665fedf6ca85aac7514fccbf343a84cc01871c68f8 f27feafb336150520c06b9fa1861a5799c62ca772ce84659e48d19cfcc68f0b2
CLIENT_TRAFFIC_SECRET_0 60ff72a2ef9d79a5090b7c665fedf6ca85aac7514fccbf343a84cc01871c68f8 f13744965f23431bf3bd722f56866feead4123a099680c4fd0167e4a11e50b9d
SERVER_TRAFFIC_SECRET_0 60ff72a2ef9d79a5090b7c665fedf6ca85aac7514fccbf343a84cc01871c68f8 b8b8c54b79ee003fee32f37641f017a72efe351d63e46c9af5392c1e0f17fd7c
EXPORTER_SECRET 60ff72a2ef9d79a5090b7c665fedf6ca85aac7514fccbf343a84cc01871c68f8 f0e72b3208a2de83d3f350aef6ffafcd866534d3a50f4ecddffcf1243ea8291a
CLIENT_HANDSHAKE_TRAFFIC_SECRET 50cc4795153698666e5a24fede91190d1ef26a458a55fcbdb2b14f430326e38b 93b4f0e8357e6eb6a3c5a1de3ae9bfa0ae473370405211f6b448f6b7c96517c3
SERVER_HANDSHAKE_TRAFFIC_SECRET 50cc4795153698666e5a24fede91190d1ef26a458a55fcbdb2b14f430326e38b 10859bb7d7d9243d2c1cf57d4575a8b7884cc9e1dfd018a0e6eb55ec83f8e9f7
CLIENT_TRAFFIC_SECRET_0 50cc4795153698666e5a24fede91190d1ef26a458a55fcbdb2b14f430326e38b 676e3a645dab77db49e21825105cde35c9ceb64b7a817c2ac6f0c3e93aa1de5c
SERVER_TRAFFIC_SECRET_0 50cc4795153698666e5a24fede91190d1ef26a458a55fcbdb2b14f430326e38b e46957867c88aee3a2b424fd192288d201704e9bc1dda12ed02d8b9eed0bb9f4
EXPORTER_SECRET 50cc4795153698666e5a24fede91190d1ef26a458a55fcbdb2b14f430326e38b d6f7ddbafef93b77156fa51732d88e1042a47866bd73b1eb0a2674f78914d636
CLIENT_HANDSHAKE_TRAFFIC_SECRET beb0d0e2324e93fd492e46536e9001701b7456358ccf26e0a89f687d811c63d9 352afe41556193e76f8970500c3ec2ec200b9d71247f9d19e7a44f8bfd2311fa
SERVER_HANDSHAKE_TRAFFIC_SECRET beb0d0e2324e93fd492e46536e9001701b7456358ccf26e0a89f687d811c63d9 93c3f8dff80db044eb34458b20fddb68487a39261b23ab4bd3e0ce5220d9138b
CLIENT_TRAFFIC_SECRET_0 beb0d0e2324e93fd492e46536e9001701b7456358ccf26e0a89f687d811c63d9 614de0a45ed09707f94add6b21c04a7fdc604bd048942c981c0179d7a4eb96e5
SERVER_TRAFFIC_SECRET_0 beb0d0e2324e93fd492e46536e9001701b7456358ccf26e0a89f687d811c63d9 4dd26b6fb05cadbb55cd47ac8deee757de4934f2683a794a85e708c9aa0f8a24
EXPORTER_SECRET beb0d0e2324e93fd492e46536e9001701b7456358ccf26e0a89f687d811c63d9 d6e2896734ee08663d5fe370189d3131da87ae79fa76dd2f2342c1c0a065811e
CLIENT_HANDSHAKE_TRAFFIC_SECRET edd53fbb491a7ed49ce896121313824fb0d7f5629f452d76e75d30ea4497c679 19220acc2919d98e3cc6db97024aea4a834b5e73a092f50d91cf202e6d855aa8
SERVER_HANDSHAKE_TRAFFIC_SECRET edd53fbb491a7ed49ce896121313824fb0d7f5629f452d76e75d30ea4497c679 0b9394c41cf4a9bd04d8cc90454ef388b3b3a138367f753c686636cbbf3ddf03
CLIENT_TRAFFIC_SECRET_0 edd53fbb491a7ed49ce896121313824fb0d7f5629f452d76e75d30ea4497c679 4be1d671af1796c0e466264de97cc00536853606696a82b3dbf5d5ff8a0e3d0c
SERVER_TRAFFIC_SECRET_0 edd53fbb491a7ed49ce896121313824fb0d7f5629f452d76e75d30ea4497c679 d57cfdc74d60e221ef0d69d2a7ce018dc9b35d0c440a200a39ccec6c2b323401
EXPORTER_SECRET edd53fbb491a7ed49ce896121313824fb0d7f5629f452d76e75d30ea4497c679 6d6edaaca5dae4624008923ae51872c4c3c9b4aaa83388426ebbb146b81f682e
CLIENT_RANDOM 2436092eb945f4a287a61d1d0042b97579f8eeb531feeb79b4e8479b3330764f 6835e938d40175463c0d3cda6b52c40151a58cfdd9832b40a7e66d99a922dffaab14f7497172f1b055adfa65f9b46c0d
CLIENT_RANDOM aaad8d5685fe5510e063169ee4375c65efc0f345b800141e07994c14a52f0485 251547e3d580dfbf1bac032c60fda9fead354abf8c418ddf84e9393370a0e77c8c005e99555f9528dcbaa2beb0836754
CLIENT_RANDOM 4b42867b434ec205dda5213aeec89026409461c2c17a90c8faa177291ecf9527 a58b0ab2d0e15b83022c2fdc071b54469f2927f9f4113c6a62abd1f6601df0844779950616324d1b15860f19c602094e
CLIENT_RANDOM fe0d250689b09fff7ca39b2509bf3952bfba8551948741c4d408ecd0dcf4e0cf ec7edd5af29384c05a677c19d5aa4e505f8410bbb7c35b40a571b4baa8dc31f910a50de9ebc34c2a70d9c83641c3f8ed
CLIENT_HANDSHAKE_TRAFFIC_SECRET c54f7a3052dad58c6a848a2015fabb9e9a4051eb8491d1e7a58fa3658f5c9f7b bb589514bc53c817ec11d0c8f217477c7e76f1209a3c51f3883965aad505b5b9
SERVER_HANDSHAKE_TRAFFIC_SECRET c54f7a3052dad58c6a848a2015fabb9e9a4051eb8491d1e7a58fa3658f5c9f7b b149395f657dfe34b6067293f303ad6cfa926c04a50b4d8ee4898a2cac794fc5
CLIENT_TRAFFIC_SECRET_0 c54f7a3052dad58c6a848a2015fabb9e9a4051eb8491d1e7a58fa3658f5c9f7b 55cc5de60e84f5cc30f69894177ee5fcc93dcf240b3319352b0063b5d86479c7
SERVER_TRAFFIC_SECRET_0 c54f7a3052dad58c6a848a2015fabb9e9a4051eb8491d1e7a58fa3658f5c9f7b e6a265bc1057843cfa1072be0a326d0bb5d7822468b6a84b6103ad20277cd86b
EXPORTER_SECRET c54f7a3052dad58c6a848a2015fabb9e9a4051eb8491d1e7a58fa3658f5c9f7b 846e7a1d286a7c3017dd3390876160f9c1ae1aeec8ec02a0a15b78c21e56be94
CLIENT_HANDSHAKE_TRAFFIC_SECRET d800abb59d9fda0fc579dc7f33af25c53e026f9c60bce0f34b6925b7c19c298e 2c73ff82a816f7864495035ea99e994e05e0a73a1c87aa3b5754237e000048c5
SERVER_HANDSHAKE_TRAFFIC_SECRET d800abb59d9fda0fc579dc7f33af25c53e026f9c60bce0f34b6925b7c19c298e 127386ec33bd900395a1fb03ab325822957fd8e66f0da55c3176588878e46e09
CLIENT_TRAFFIC_SECRET_0 d800abb59d9fda0fc579dc7f33af25c53e026f9c60bce0f34b6925b7c19c298e 9047596359ecea88b75f68c741581f759bd9ed6dff71bb726bc305c114acc581
SERVER_TRAFFIC_SECRET_0 d800abb59d9fda0fc579dc7f33af25c53e026f9c60bce0f34b6925b7c19c298e de44e8a61ed7bd819193b499bfde575520b93eb63b4757dad95cf3747c4ab73f
EXPORTER_SECRET d800abb59d9fda0fc579dc7f33af25c53e026f9c60bce0f34b6925b7c19c298e 9b6ebe34f0d75b89bc2ccc2d7d1f5a42be3c535d17c297d1120f5fe704b6d368
CLIENT_HANDSHAKE_TRAFFIC_SECRET 350b66752a3637a330f6127f66a84ac982b895d61d1fa271d16e40aa28b5d975 1ab7bb4a7110607dcdc864251187b2a1bb74d1a7da1e4d6b31a1a5f3a7d2d0e3
SERVER_HANDSHAKE_TRAFFIC_SECRET 350b66752a3637a330f6127f66a84ac982b895d61d1fa271d16e40aa28b5d975 8548f2d2fe9d3fd7fc0d226db29815fa5369a9ca1bc814e595b8a032eec408c3
CLIENT_TRAFFIC_SECRET_0 350b66752a3637a330f6127f66a84ac982b895d61d1fa271d16e40aa28b5d975 dcfed97a8a6670835dba5d0bdaa87d2dc459080bf7f3cade5b1e3e278e1881ee
SERVER_TRAFFIC_SECRET_0 350b66752a3637a330f6127f66a84ac982b895d61d1fa271d16e40aa28b5d975 ebc76d3ee90ddf1361c86ce95fa999b1e068f14827f7d5c1979cbba714f98a0c
EXPORTER_SECRET 350b66752a3637a330f6127f66a84ac982b895d61d1fa271d16e40aa28b5d975 75b2469c62b0abb840983874f957a073b3e1dcd7c402ab1c7de1d68d05326cd6
CLIENT_HANDSHAKE_TRAFFIC_SECRET 16f7ca4a35d7512189962d398775f5d891ddb68b14600bdf2addc332ab883a08 c49bcd124eeaabe4d1fa4451332e83f234a51bc7cbbe84d51a72922cbedbfc56
SERVER_HANDSHAKE_TRAFFIC_SECRET 16f7ca4a35d7512189962d398775f5d891ddb68b14600bdf2addc332ab883a08 9be32dc8fbf69daac8cd8e679079f500973b8dbae200e1bd0451c3d414495ff1
CLIENT_TRAFFIC_SECRET_0 16f7ca4a35d7512189962d398775f5d891ddb68b14600bdf2addc332ab883a08 115a38d025b2a96877c2b19cc84a332a7141aaac85013524120415eae2ad7caf
SERVER_TRAFFIC_SECRET_0 16f7ca4a35d7512189962d398775f5d891ddb68b14600bdf2addc332ab883a08 eb3c1c5a7456f9beeb0fb5cbac239d200bb8aa6013b90e222a34fb424ea83b89
EXPORTER_SECRET 16f7ca4a35d7512189962d398775f5d891ddb68b14600bdf2addc332ab883a08 ebd4720601e2297827030994f5cc4f6877ec4d56e0b7c49e93ab0b12d70a018f
CLIENT_RANDOM 657a70ccb223a02549e53441a2aa1124fecfffd282205efd5873793313559283 77bcf7125c936a2a9ec5f5d68f716ce76172cebc5c5af1a91c6d8a1d1d8125b0d23b209c470b54dd7c61adcd9a69427e
CLIENT_EARLY_TRAFFIC_SECRET 96b4c36f006c613845a25ed8d5eae9f0cfc7b46023a78a273089bb6c51c79a49 429d21ac6afe552fc23e5087abd4c93a4de6ec571c0079ccee18c78ab3c8aea3
CLIENT_HANDSHAKE_TRAFFIC_SECRET 96b4c36f006c613845a25ed8d5eae9f0cfc7b46023a78a273089bb6c51c79a49 86415755153dae46063d81bd02668b6580b7d1d8993c7e7c2946e8d6f7bad791
SERVER_HANDSHAKE_TRAFFIC_SECRET 96b4c36f006c613845a25ed8d5eae9f0cfc7b46023a78a273089bb6c51c79a49 f1b6dca45316e99d5689b4f21e043943464a02aeba644a3f7763a100d7969a59
CLIENT_TRAFFIC_SECRET_0 96b4c36f006c613845a25ed8d5eae9f0cfc7b46023a78a273089bb6c51c79a49 6b222fcf7a5266cd66a878240972a5796a0ce1dbc414d57cea76120edae0c57d
SERVER_TRAFFIC_SECRET_0 96b4c36f006c613845a25ed8d5eae9f0cfc7b46023a78a273089bb6c51c79a49 6b5c5466c526d52ff253728ee003068c36c62a34b90d000145ff8a2e00250bae
EXPORTER_SECRET 96b4c36f006c613845a25ed8d5eae9f0cfc7b46023a78a273089bb6c51c79a49 5c869e1f8bf0624357077ea80d116135a829e389d3d006e7d70ec0778fda0406
CLIENT_RANDOM 2ec7b935a7569c4697033d2935d632e158d2db0a0801a00b4868920bd2767fe5 7ac24768b6f82118557179d6d7cc03195948c3ddcacce6510629dca803cb8c071493d6323451a889004453c28c5230bc
CLIENT_HANDSHAKE_TRAFFIC_SECRET dc9dabcf4ef310bdf6a0f70eef92e250ca515919b318e3a16e11a9810e904a99 3d8945af2824b272f376546b0db4d41a157a5dbec0279de46eea5ba9eebee34b
SERVER_HANDSHAKE_TRAFFIC_SECRET dc9dabcf4ef310bdf6a0f70eef92e250ca515919b318e3a16e11a9810e904a99 6f023b24a91449a90855759821cacf82e00f99f3854847e9317269cf4cb36102
CLIENT_TRAFFIC_SECRET_0 dc9dabcf4ef310bdf6a0f70eef92e250ca515919b318e3a16e11a9810e904a99 dc5ce859739d83a0715892b73f98bb8cd1a2cc6e2b9078008b65e7f28c89272b
SERVER_TRAFFIC_SECRET_0 dc9dabcf4ef310bdf6a0f70eef92e250ca515919b318e3a16e11a9810e904a99 d503fa22cb464ae900bbe3b2c3f9fd961d9eb87ac4845e600dc0e8ddf54e41a2
EXPORTER_SECRET dc9dabcf4ef310bdf6a0f70eef92e250ca515919b318e3a16e11a9810e904a99 705cd78c25be84a4b3c4e5d46741fa3dd2042a586952ee278e717ebe68a612b7
CLIENT_RANDOM d09787c79be6700bd539216805e29bcf9c448ad87c9a701ec20e52abe1beacad 38b579ae3493929d1974d44f49872ff87d61e19a0e46d11c7ec65b2e67629fa051d27da436473a9cc12003933a4dab6b
CLIENT_EARLY_TRAFFIC_SECRET 27a6c304fa3c135d896668357414ee9613d3f0e74404027883fe67da6f3683ea 60de5c512a51029a5c84423a2db175c6726d379bbba0ea39685ab4941150b806
CLIENT_HANDSHAKE_TRAFFIC_SECRET 27a6c304fa3c135d896668357414ee9613d3f0e74404027883fe67da6f3683ea 52a6745fe72290887e89edb7a8f9bbf466546d57952004dfa42fc3e285e20615
SERVER_HANDSHAKE_TRAFFIC_SECRET 27a6c304fa3c135d896668357414ee9613d3f0e74404027883fe67da6f3683ea 7072af75af0a41aa2c38b0d2e0943ca1add001d6dd2e2e75ae8966a9b1475ede
CLIENT_TRAFFIC_SECRET_0 27a6c304fa3c135d896668357414ee9613d3f0e74404027883fe67da6f3683ea c8a037fb96fd1d10f0a9126d09d536ecb2e07c6499263b2395cbe349383f8f15
SERVER_TRAFFIC_SECRET_0 27a6c304fa3c135d896668357414ee9613d3f0e74404027883fe67da6f3683ea 39a3f43c09777843bc9eb6b3ae9a016287ed8e635af4ca4af2a5f601dd36001a
EXPORTER_SECRET 27a6c304fa3c135d896668357414ee9613d3f0e74404027883fe67da6f3683ea 810e95f4e93e080fafada4fe3d9cbf79fc17fda952df8cfe3d75fc70b2c0641a
CLIENT_RANDOM 3830c015f16fa419919130979bad49a5306a42132e1a46d2e30b80485f2a2193 27d56978b7cbf33cbc35c67e4b0d411b29ae95f9410034e87790e492d2033aec3cfe90d9cc29315180ce89b5c819e35e
CLIENT_HANDSHAKE_TRAFFIC_SECRET e39a13eec73676018695f1db7e842c908e84b5c7482defa57676b393f5fba7c5 ac00fecdf5050717223cb02181df50a84a1be0f7ce7b09c1bce8754d4550dacc
SERVER_HANDSHAKE_TRAFFIC_SECRET e39a13eec73676018695f1db7e842c908e84b5c7482defa57676b393f5fba7c5 58deced1af7a43080902696921d6a66ddbf87d5712004cb0b130a4a68e648f84
CLIENT_TRAFFIC_SECRET_0 e39a13eec73676018695f1db7e842c908e84b5c7482defa57676b393f5fba7c5 fc6a9776b1bb582b51fb88c4ad91fff4d40690afc453bb0aab6f6cb2ca4ea717
SERVER_TRAFFIC_SECRET_0 e39a13eec73676018695f1db7e842c908e84b5c7482defa57676b393f5fba7c5 ef30268bb739b3a7c05917c70dbb8c23c809a385ac23c532cf5b4217a8f16189
EXPORTER_SECRET e39a13eec73676018695f1db7e842c908e84b5c7482defa57676b393f5fba7c5 b51ee8f28a4aea5c48b33a2710e95e345c4d4ba88963d385a08710f319812105
CLIENT_RANDOM b88f6ecc71381bb2c74081dc5729d9c8b67bc969d653a3426435753bd6fa62b0 4e2b18e80920e7a2895ceecfb110684dd375c5f47a602a57ebbdf51663b8a890d03684f9bd22dd8b2784594c1b41607b
CLIENT_RANDOM 3d0f6035b2604e990dec13570fdcd6afcf5b621e0b74898f7706a4ad4dfb118a 750bcfa948e75e56f4f05c579d2719360be9716c8d6fbe864135aee4b4e93e69082eae8c2410d00356344696f0f0542d
CLIENT_RANDOM a5abaff761fd4e821eb7b45ebd5a21b761e527b987abd6afc5663d9b16679d7a a046778629ff8f6d5bd06caffc0d66cb97f548ac3968a8418375a9c1abe604ac97e863b56eb11c3ce5417c0c9f43c1ef
CLIENT_EARLY_TRAFFIC_SECRET 95177dad5d63da074061572a5674cbc03b34ca0021d96b25158849bbe1f292c4 728f380e8bb5c4d13cf0e7b1168b67a736df27ab0ca184a1294121dce40c1236
CLIENT_HANDSHAKE_TRAFFIC_SECRET 95177dad5d63da074061572a5674cbc03b34ca0021d96b25158849bbe1f292c4 7092c72d90ed5a77b6f0031942674dd6690317623e6e6b62600ed5a9302903c3
SERVER_HANDSHAKE_TRAFFIC_SECRET 95177dad5d63da074061572a5674cbc03b34ca0021d96b25158849bbe1f292c4 4aac3512cc6bc053f492cdb456dd348a5d3d19397c5631b88ad9147b1e528e8c
CLIENT_TRAFFIC_SECRET_0 95177dad5d63da074061572a5674cbc03b34ca0021d96b25158849bbe1f292c4 4a675d1602fe2248963b96ea7605df2881a06fe44d600d1b8637ca521bab410e
SERVER_TRAFFIC_SECRET_0 95177dad5d63da074061572a5674cbc03b34ca0021d96b25158849bbe1f292c4 2b927b62b6f6ca369c30d156a92751c3139e5dda3698b1c930567fb5d3b3177d
EXPORTER_SECRET 95177dad5d63da074061572a5674cbc03b34ca0021d96b25158849bbe1f292c4 a809594786a15752f9e0bd3540ea947a04b6b2230498c818fad8d0319aa0f5c1
CLIENT_RANDOM 13e8fa82229147b5f3f8f2034a30f54f6e00050b810c2ec0e45be1e0860f426e 6e004dec3aa1caa1acebfc189b1f80ade5163c4fd33c58e6873315cea012e08f81dd540686a0d4019060ffe64f952b97
CLIENT_RANDOM f1b06016193a71863b28980b298b2f2ab642df55d51ef9e5d9962a3677c9e313 6a3bae3865b5f3dc4e72b3ff5a417c58bcd34c06d2338a7fced2bec4106cf2942b0adcdec12255dd888e1999b230167f
CLIENT_RANDOM 399fba4f03bee159d2fb18d6b2d61401a9626ea66c8464b8d15b81e833508882 8dc4ca6a06a65cc20b2d1dd291416dd9744034d26f63810ff7542274e17e60e2164aef8e97c86d69812c70676c90dc84
CLIENT_RANDOM dc0e012609b9b9c08137d26865b2c79cbba9edd53441401814ce4d033743b642 d658f6d2d181c13e0031cebb4b58979ac9afbb10be0c390da2a0468d1b5e442cdabc12669d21abbaf234fbcdab8d08b3
CLIENT_RANDOM d9ef7a7429c221585aceef52bbc0720fa94d516eafb2fd2e8cb582a56a0bbb91 2c4e241257e119ef3c80c45f4f9076bbde88f9ca80a14706a9b0319510ffed0ea476ab49986c91947904b4c53029003c
CLIENT_RANDOM a96603a6d14ad3e9bee28bd64d2a19a048a336adf2565875c42d99d6c0744ea1 0f18a768a1692417b89ffae9c3d6f6eca7fbd9b8cb50ed556e50602dcfdf00abeb934e8f72784a2314c430151711084b
